C51 COMPILER V9.59.0.0   IO                                                                10/27/2019 12:36:18 PAGE 1   


C51 COMPILER V9.59.0.0, COMPILATION OF MODULE IO
OBJECT MODULE PLACED IN .\Objects\IO.obj
COMPILER INVOKED BY: C:\Keil_v5\C51\BIN\C51.EXE LIB\IO.c LARGE WARNINGLEVEL(0) OPTIMIZE(8,SPEED) BROWSE INCDIR(.\HARDWAR
                    -E;.\LIB) DEBUG OBJECTEXTEND CODE NOCOND PRINT(.\Listings\IO.lst) TABS(2) OBJECT(.\Objects\IO.obj)

line level    source

   1          /*
   2          ---- IO Control Module ----
   3          Author: Zhang Muhua
   4          Date: 2019.2.7
   5          ----------------------------
   6          */
   7          #include "STC15.h"
   8          #include "IO.h"
   9          
  10          //Setup IO Mode
  11          void pinMode(u8 IOGroup, u8 IONumber, u8 IOType)
  12          {
  13   1        u8 regVal;
  14   1        regVal = 1<<IONumber;
  15   1        if(IOType == INPUT_PULLUP || IOType == OUTPUT)
  16   1        {
  17   2          switch (IOGroup)
  18   2          {
  19   3            case 0:
  20   3            {
  21   4              P0M1 &= ~regVal;
  22   4              P0M0 &= ~regVal;
  23   4              P0 &= ~regVal;
  24   4            }
  25   3            break;
  26   3            case 1:
  27   3            {
  28   4              P1M1 &= ~regVal;
  29   4              P1M0 &= ~regVal;
  30   4              P1 &= ~regVal;
  31   4            }
  32   3            break;
  33   3            case 2:
  34   3            {
  35   4              P2M1 &= ~regVal;
  36   4              P2M0 &= ~regVal;
  37   4              P2 &= ~regVal;
  38   4            }
  39   3            break;
  40   3            case 3:
  41   3            {
  42   4              P3M1 &= ~regVal;
  43   4              P3M0 &= ~regVal;
  44   4              P3 &= ~regVal;
  45   4            }
  46   3            break;
  47   3            case 4:
  48   3            {
  49   4              P4M1 &= ~regVal;
  50   4              P4M0 &= ~regVal;
  51   4              P4 &= ~regVal;
  52   4            }
  53   3            break;
  54   3          }
C51 COMPILER V9.59.0.0   IO                                                                10/27/2019 12:36:18 PAGE 2   

  55   2        }
  56   1        else if(IOType == INPUT)
  57   1        {
  58   2          switch (IOGroup)
  59   2          {
  60   3            case 0:
  61   3            {
  62   4              P0M1 |= regVal;
  63   4              P0M0 &= ~regVal;
  64   4              P0 &= ~regVal;
  65   4            }
  66   3            break;
  67   3            case 1:
  68   3            {
  69   4              P1M1 |= regVal;
  70   4              P1M0 &= ~regVal;
  71   4              P1 &= ~regVal;
  72   4            }
  73   3            break;
  74   3            case 2:
  75   3            {
  76   4              P2M1 |= regVal;
  77   4              P2M0 &= ~regVal;
  78   4              P2 &= ~regVal;
  79   4            }
  80   3            break;
  81   3            case 3:
  82   3            {
  83   4              P3M1 |= regVal;
  84   4              P3M0 &= ~regVal;
  85   4              P3 &= ~regVal;
  86   4            }
  87   3            break;
  88   3            case 4:
  89   3            {
  90   4              P4M1 |= regVal;
  91   4              P4M0 &= ~regVal;
  92   4              P4 &= ~regVal;
  93   4            }
  94   3            break;
  95   3          }
  96   2        }
  97   1        else if(IOType == OUTPUT_PP)
  98   1        {
  99   2          switch (IOGroup)
 100   2          {
 101   3            case 0:
 102   3            {
 103   4              P0M1 &= ~regVal;
 104   4              P0M0 |= regVal;
 105   4              P0 &= ~regVal;
 106   4            }
 107   3            break;
 108   3            case 1:
 109   3            {
 110   4              P1M1 &= ~regVal;
 111   4              P1M0 |= regVal;
 112   4              P1 &= ~regVal;
 113   4            }
 114   3            break;
 115   3            case 2:
 116   3            {
C51 COMPILER V9.59.0.0   IO                                                                10/27/2019 12:36:18 PAGE 3   

 117   4              P2M1 &= ~regVal;
 118   4              P2M0 |= regVal;
 119   4              P2 &= ~regVal;
 120   4            }
 121   3            break;
 122   3            case 3:
 123   3            {
 124   4              P3M1 &= ~regVal;
 125   4              P3M0 |= regVal;
 126   4              P3 &= ~regVal;
 127   4            }
 128   3            break;
 129   3            case 4:
 130   3            {
 131   4              P4M1 &= ~regVal;
 132   4              P4M0 |= regVal;
 133   4              P4 &= ~regVal;
 134   4            }
 135   3            break;
 136   3          }
 137   2        }
 138   1      }
 139          
 140          //Setup Groups Of IO Pins Mode
 141          void pinModeGroup(u8 IOGroup, u8 IOType)
 142          {
 143   1        if(IOType == INPUT_PULLUP || IOType == OUTPUT)
 144   1        {
 145   2          switch (IOGroup)
 146   2          {
 147   3            case 0:
 148   3            {
 149   4              P0M1 = 0x00;
 150   4              P0M0 = 0x00;
 151   4              P0 = 0x00;
 152   4            }
 153   3            break;
 154   3            case 1:
 155   3            {
 156   4              P1M1 = 0x00;
 157   4              P1M0 = 0x00;
 158   4              P1 = 0x00;
 159   4            }
 160   3            break;
 161   3            case 2:
 162   3            {
 163   4              P2M1 = 0x00;
 164   4              P2M0 = 0x00;
 165   4              P2 = 0x00;
 166   4            }
 167   3            break;
 168   3            case 3:
 169   3            {
 170   4              P3M1 = 0x00;
 171   4              P3M0 = 0x00;
 172   4              P3 = 0x00;
 173   4            }
 174   3            break;
 175   3            case 4:
 176   3            {
 177   4              P4M1 = 0x00;
 178   4              P4M0 = 0x00;
C51 COMPILER V9.59.0.0   IO                                                                10/27/2019 12:36:18 PAGE 4   

 179   4              P4 = 0x00;
 180   4            }
 181   3            break;
 182   3          }
 183   2        }
 184   1        else if(IOType == INPUT)
 185   1        {
 186   2          switch (IOGroup)
 187   2          {
 188   3            case 0:
 189   3            {
 190   4              P0M1 = 0xff;
 191   4              P0M0 = 0x00;
 192   4              P0 = 0x00;
 193   4            }
 194   3            break;
 195   3            case 1:
 196   3            {
 197   4              P1M1 = 0xff;
 198   4              P1M0 = 0x00;
 199   4              P1 = 0x00;
 200   4            }
 201   3            break;
 202   3            case 2:
 203   3            {
 204   4              P2M1 = 0xff;
 205   4              P2M0 = 0x00;
 206   4              P2 = 0x00;
 207   4            }
 208   3            break;
 209   3            case 3:
 210   3            {
 211   4              P3M1 = 0xff;
 212   4              P3M0 = 0x00;
 213   4              P3 = 0x00;
 214   4            }
 215   3            break;
 216   3            case 4:
 217   3            {
 218   4              P4M1 = 0xff;
 219   4              P4M0 = 0x00;
 220   4              P4 = 0x00;
 221   4            }
 222   3            break;
 223   3          }
 224   2        }
 225   1        else if(IOType == OUTPUT_PP)
 226   1        {
 227   2          switch (IOGroup)
 228   2          {
 229   3            case 0:
 230   3            {
 231   4              P0M1 = 0x00;
 232   4              P0M0 = 0xff;
 233   4              P0 = 0x00;
 234   4            }
 235   3            break;
 236   3            case 1:
 237   3            {
 238   4              P1M1 = 0x00;
 239   4              P1M0 = 0xff;
 240   4              P1 = 0x00;
C51 COMPILER V9.59.0.0   IO                                                                10/27/2019 12:36:18 PAGE 5   

 241   4            }
 242   3            break;
 243   3            case 2:
 244   3            {
 245   4              P2M1 = 0x00;
 246   4              P2M0 = 0xff;
 247   4              P2 = 0x00;
 248   4            }
 249   3            break;
 250   3            case 3:
 251   3            {
 252   4              P3M1 = 0x00;
 253   4              P3M0 = 0xff;
 254   4              P3 = 0x00;
 255   4            }
 256   3            break;
 257   3            case 4:
 258   3            {
 259   4              P4M1 = 0x00;
 260   4              P4M0 = 0xff;
 261   4              P4 = 0x00;
 262   4            }
 263   3            break;
 264   3          }
 265   2        }
 266   1      }
 267          
 268          //Read A IO Pin
 269          u8 digitalRead(u8 IOMode, u8 IOGroup, u8 IONumber)
 270          {
 271   1        u8 regVal = 1<<IONumber;
 272   1        if(IOMode == INPUT_PULLUP)
 273   1        {
 274   2          switch(IOGroup)
 275   2          {
 276   3            case 0:
 277   3            {
 278   4              P0 |= regVal;
 279   4              return (P0>>IONumber) & 0x01;
 280   4            }
 281   3            break;
 282   3            case 1:
 283   3            {
 284   4              P1 |= regVal;
 285   4              return (P1>>IONumber) & 0x01;
 286   4            }
 287   3            break;
 288   3            case 2:
 289   3            {
 290   4              P2 |= regVal;
 291   4              return (P2>>IONumber) & 0x01;
 292   4            }
 293   3            break;
 294   3            case 3:
 295   3            {
 296   4              P3 |= regVal;
 297   4              return (P3>>IONumber) & 0x01;
 298   4            }
 299   3            break;
 300   3            case 4:
 301   3            {
 302   4              P4 |= regVal;
C51 COMPILER V9.59.0.0   IO                                                                10/27/2019 12:36:18 PAGE 6   

 303   4              return (P4>>IONumber) & 0x01;
 304   4            }
 305   3            break;
 306   3          }
 307   2        }
 308   1        else if(IOMode == INPUT)
 309   1        {
 310   2          switch(IOGroup)
 311   2          {
 312   3            case 0:
 313   3              return (P0>>IONumber) & 0x01;
 314   3              break;
 315   3            case 1:
 316   3              return (P1>>IONumber) & 0x01;
 317   3              break;
 318   3            case 2:
 319   3              return (P2>>IONumber) & 0x01;
 320   3              break;
 321   3            case 3:
 322   3              return (P3>>IONumber) & 0x01;
 323   3              break;
 324   3            case 4:
 325   3              return (P4>>IONumber) & 0x01;
 326   3              break;
 327   3          }
 328   2        }
 329   1        return 0x00;
 330   1      }
 331          
 332          //Read A Group Of IO Pins
 333          u8 digitalReadGroup(u8 IOMode, u8 IOGroup)
 334          {
 335   1        if(IOMode == INPUT_PULLUP)
 336   1        {
 337   2          switch(IOGroup)
 338   2          {
 339   3            case 0:
 340   3            {
 341   4              P0 = 0xff;
 342   4              return P0;
 343   4            }
 344   3            break;
 345   3            case 1:
 346   3            {
 347   4              P1 = 0xff;
 348   4              return P1;
 349   4            }
 350   3            break;
 351   3            case 2:
 352   3            {
 353   4              P2 = 0xff;
 354   4              return P2;
 355   4            }
 356   3            break;
 357   3            case 3:
 358   3            {
 359   4              P3 = 0xff;
 360   4              return P3;
 361   4            }
 362   3            break;
 363   3            case 4:
 364   3            {
C51 COMPILER V9.59.0.0   IO                                                                10/27/2019 12:36:18 PAGE 7   

 365   4              P4 = 0xff;
 366   4              return P4;
 367   4            }
 368   3            break;
 369   3          }
 370   2        }
 371   1        else if(IOMode == INPUT)
 372   1        {
 373   2          switch(IOGroup)
 374   2          {
 375   3            case 0:
 376   3              return P0;
 377   3              break;
 378   3            case 1:
 379   3              return P1;
 380   3              break;
 381   3            case 2:
 382   3              return P2;
 383   3              break;
 384   3            case 3:
 385   3              return P3;
 386   3              break;
 387   3            case 4:
 388   3              return P4;
 389   3              break;
 390   3          }
 391   2        }
 392   1        return 0x00;
 393   1      }
 394          
 395          //Write to A IO Pin
 396          void digitalWrite(u8 IOMode, u8 IOGroup, u8 IONumber, u8 content)
 397          {
 398   1        u8 regVal;
 399   1        if(IOMode != OUTPUT && IOMode != OUTPUT_PP)return;
 400   1        regVal = 1<<IONumber;
 401   1        if(content)
 402   1        {
 403   2          switch(IOGroup)
 404   2          {
 405   3            case 0:
 406   3              P0 |= regVal;
 407   3              break;
 408   3            case 1:
 409   3              P1 |= regVal;
 410   3              break;
 411   3            case 2:
 412   3              P2 |= regVal;
 413   3              break;
 414   3            case 3:
 415   3              P3 |= regVal;
 416   3              break;
 417   3            case 4:
 418   3              P4 |= regVal;
 419   3              break;
 420   3          }
 421   2        }
 422   1        else
 423   1        {
 424   2          switch(IOGroup)
 425   2          {
 426   3            case 0:
C51 COMPILER V9.59.0.0   IO                                                                10/27/2019 12:36:18 PAGE 8   

 427   3              P0 &= ~regVal;
 428   3              break;
 429   3            case 1:
 430   3              P1 &= ~regVal;
 431   3              break;
 432   3            case 2:
 433   3              P2 &= ~regVal;
 434   3              break;
 435   3            case 3:
 436   3              P3 &= ~regVal;
 437   3              break;
 438   3            case 4:
 439   3              P4 &= ~regVal;
 440   3              break;
 441   3          }
 442   2        }
 443   1      }
 444          
 445          //Write to A Groupp of IO Pins
 446          void digitalWriteGroup(u8 IOMode, u8 IOGroup, u8 content)
 447          {
 448   1        if(IOMode != OUTPUT && IOMode != OUTPUT_PP)return;
 449   1        if(content)
 450   1        {
 451   2          switch(IOGroup)
 452   2          {
 453   3            case 0:
 454   3              P0 = 0xff;
 455   3              break;
 456   3            case 1:
 457   3              P1 = 0xff;
 458   3              break;
 459   3            case 2:
 460   3              P2 = 0xff;
 461   3              break;
 462   3            case 3:
 463   3              P3 = 0xff;
 464   3              break;
 465   3            case 4:
 466   3              P4 = 0xff;
 467   3              break;
 468   3          }
 469   2        }
 470   1        else
 471   1        {
 472   2          switch(IOGroup)
 473   2          {
 474   3            case 0:
 475   3              P0 = 0x00;
 476   3              break;
 477   3            case 1:
 478   3              P1 = 0x00;
 479   3              break;
 480   3            case 2:
 481   3              P2 = 0x00;
 482   3              break;
 483   3            case 3:
 484   3              P3 = 0x00;
 485   3              break;
 486   3            case 4:
 487   3              P4 = 0x00;
 488   3              break;
C51 COMPILER V9.59.0.0   IO                                                                10/27/2019 12:36:18 PAGE 9   

 489   3          }
 490   2        }
 491   1      }
C51 COMPILER V9.59.0.0   IO                                                                10/27/2019 12:36:18 PAGE 10  

ASSEMBLY LISTING OF GENERATED OBJECT CODE


             ; FUNCTION _pinMode (BEGIN)
                                           ; SOURCE LINE # 11
;---- Variable 'IOGroup' assigned to Register 'R7' ----
;---- Variable 'IOType' assigned to Register 'R3' ----
;---- Variable 'IONumber' assigned to Register 'R5' ----
                                           ; SOURCE LINE # 12
                                           ; SOURCE LINE # 14
0000 AE05              MOV     R6,AR5
0002 A806              MOV     R0,AR6
0004 7401              MOV     A,#01H
0006 08                INC     R0
0007 8002              SJMP    ?C0116
0009         ?C0115:
0009 C3                CLR     C
000A 33                RLC     A
000B         ?C0116:
000B D8FC              DJNZ    R0,?C0115
000D FE                MOV     R6,A
;---- Variable 'regVal' assigned to Register 'R6' ----
                                           ; SOURCE LINE # 15
000E EB                MOV     A,R3
000F 6004              JZ      ?C0002
0011 6402              XRL     A,#02H
0013 7032              JNZ     ?C0001
0015         ?C0002:
                                           ; SOURCE LINE # 16
                                           ; SOURCE LINE # 17
0015 EF                MOV     A,R7
0016 14                DEC     A
0017 6016              JZ      ?C0005
0019 14                DEC     A
001A 6019              JZ      ?C0006
001C 14                DEC     A
001D 601C              JZ      ?C0007
001F 14                DEC     A
0020 601F              JZ      ?C0008
0022 2404              ADD     A,#04H
0024 6003              JZ      $ + 5H
0026 020000      R     LJMP    ?C0025
                                           ; SOURCE LINE # 18
                                           ; SOURCE LINE # 19
0029         ?C0004:
                                           ; SOURCE LINE # 20
                                           ; SOURCE LINE # 21
0029 EE                MOV     A,R6
002A F4                CPL     A
002B 5293              ANL     P0M1,A
                                           ; SOURCE LINE # 22
                                           ; SOURCE LINE # 23
                                           ; SOURCE LINE # 24
                                           ; SOURCE LINE # 25
002D 8036              SJMP    ?C0141
                                           ; SOURCE LINE # 26
002F         ?C0005:
                                           ; SOURCE LINE # 27
                                           ; SOURCE LINE # 28
002F EE                MOV     A,R6
0030 F4                CPL     A
0031 5291              ANL     P1M1,A
C51 COMPILER V9.59.0.0   IO                                                                10/27/2019 12:36:18 PAGE 11  

                                           ; SOURCE LINE # 29
                                           ; SOURCE LINE # 30
                                           ; SOURCE LINE # 31
                                           ; SOURCE LINE # 32
0033 803A              SJMP    ?C0142
                                           ; SOURCE LINE # 33
0035         ?C0006:
                                           ; SOURCE LINE # 34
                                           ; SOURCE LINE # 35
0035 EE                MOV     A,R6
0036 F4                CPL     A
0037 5295              ANL     P2M1,A
                                           ; SOURCE LINE # 36
                                           ; SOURCE LINE # 37
                                           ; SOURCE LINE # 38
                                           ; SOURCE LINE # 39
0039 803E              SJMP    ?C0143
                                           ; SOURCE LINE # 40
003B         ?C0007:
                                           ; SOURCE LINE # 41
                                           ; SOURCE LINE # 42
003B EE                MOV     A,R6
003C F4                CPL     A
003D 52B1              ANL     P3M1,A
                                           ; SOURCE LINE # 43
                                           ; SOURCE LINE # 44
                                           ; SOURCE LINE # 45
                                           ; SOURCE LINE # 46
003F 8042              SJMP    ?C0144
                                           ; SOURCE LINE # 47
0041         ?C0008:
                                           ; SOURCE LINE # 48
                                           ; SOURCE LINE # 49
0041 EE                MOV     A,R6
0042 F4                CPL     A
0043 52B3              ANL     P4M1,A
                                           ; SOURCE LINE # 50
                                           ; SOURCE LINE # 51
                                           ; SOURCE LINE # 52
                                           ; SOURCE LINE # 53
0045 8046              SJMP    ?C0145
                                           ; SOURCE LINE # 54
                                           ; SOURCE LINE # 55
0047         ?C0001:
                                           ; SOURCE LINE # 56
0047 EB                MOV     A,R3
0048 6401              XRL     A,#01H
004A 7046              JNZ     ?C0010
                                           ; SOURCE LINE # 57
                                           ; SOURCE LINE # 58
004C EF                MOV     A,R7
004D 14                DEC     A
004E 601A              JZ      ?C0013
0050 14                DEC     A
0051 6021              JZ      ?C0014
0053 14                DEC     A
0054 6028              JZ      ?C0015
0056 14                DEC     A
0057 602F              JZ      ?C0016
0059 2404              ADD     A,#04H
005B 6003              JZ      $ + 5H
005D 020000      R     LJMP    ?C0025
C51 COMPILER V9.59.0.0   IO                                                                10/27/2019 12:36:18 PAGE 12  

                                           ; SOURCE LINE # 59
                                           ; SOURCE LINE # 60
0060         ?C0012:
                                           ; SOURCE LINE # 61
                                           ; SOURCE LINE # 62
0060 EE                MOV     A,R6
0061 4293              ORL     P0M1,A
                                           ; SOURCE LINE # 63
0063 EE                MOV     A,R6
0064 F4                CPL     A
0065         ?C0141:
0065 5294              ANL     P0M0,A
                                           ; SOURCE LINE # 64
0067 5280              ANL     P0,A
                                           ; SOURCE LINE # 65
                                           ; SOURCE LINE # 66
0069 22                RET     
                                           ; SOURCE LINE # 67
006A         ?C0013:
                                           ; SOURCE LINE # 68
                                           ; SOURCE LINE # 69
006A EE                MOV     A,R6
006B 4291              ORL     P1M1,A
                                           ; SOURCE LINE # 70
006D EE                MOV     A,R6
006E F4                CPL     A
006F         ?C0142:
006F 5292              ANL     P1M0,A
                                           ; SOURCE LINE # 71
0071 5290              ANL     P1,A
                                           ; SOURCE LINE # 72
                                           ; SOURCE LINE # 73
0073 22                RET     
                                           ; SOURCE LINE # 74
0074         ?C0014:
                                           ; SOURCE LINE # 75
                                           ; SOURCE LINE # 76
0074 EE                MOV     A,R6
0075 4295              ORL     P2M1,A
                                           ; SOURCE LINE # 77
0077 EE                MOV     A,R6
0078 F4                CPL     A
0079         ?C0143:
0079 5296              ANL     P2M0,A
                                           ; SOURCE LINE # 78
007B 52A0              ANL     P2,A
                                           ; SOURCE LINE # 79
                                           ; SOURCE LINE # 80
007D 22                RET     
                                           ; SOURCE LINE # 81
007E         ?C0015:
                                           ; SOURCE LINE # 82
                                           ; SOURCE LINE # 83
007E EE                MOV     A,R6
007F 42B1              ORL     P3M1,A
                                           ; SOURCE LINE # 84
0081 EE                MOV     A,R6
0082 F4                CPL     A
0083         ?C0144:
0083 52B2              ANL     P3M0,A
                                           ; SOURCE LINE # 85
0085 52B0              ANL     P3,A
C51 COMPILER V9.59.0.0   IO                                                                10/27/2019 12:36:18 PAGE 13  

                                           ; SOURCE LINE # 86
                                           ; SOURCE LINE # 87
0087 22                RET     
                                           ; SOURCE LINE # 88
0088         ?C0016:
                                           ; SOURCE LINE # 89
                                           ; SOURCE LINE # 90
0088 EE                MOV     A,R6
0089 42B3              ORL     P4M1,A
                                           ; SOURCE LINE # 91
008B EE                MOV     A,R6
008C F4                CPL     A
008D         ?C0145:
008D 52B4              ANL     P4M0,A
                                           ; SOURCE LINE # 92
008F 52C0              ANL     P4,A
                                           ; SOURCE LINE # 93
                                           ; SOURCE LINE # 94
0091 22                RET     
                                           ; SOURCE LINE # 95
                                           ; SOURCE LINE # 96
0092         ?C0010:
                                           ; SOURCE LINE # 97
0092 EB                MOV     A,R3
0093 6403              XRL     A,#03H
0095 704C              JNZ     ?C0025
                                           ; SOURCE LINE # 98
                                           ; SOURCE LINE # 99
0097 EF                MOV     A,R7
0098 14                DEC     A
0099 6019              JZ      ?C0021
009B 14                DEC     A
009C 6022              JZ      ?C0022
009E 14                DEC     A
009F 602B              JZ      ?C0023
00A1 14                DEC     A
00A2 6034              JZ      ?C0024
00A4 2404              ADD     A,#04H
00A6 703B              JNZ     ?C0025
                                           ; SOURCE LINE # 100
                                           ; SOURCE LINE # 101
00A8         ?C0020:
                                           ; SOURCE LINE # 102
                                           ; SOURCE LINE # 103
00A8 EE                MOV     A,R6
00A9 F4                CPL     A
00AA FF                MOV     R7,A
00AB 5293              ANL     P0M1,A
                                           ; SOURCE LINE # 104
00AD EE                MOV     A,R6
00AE 4294              ORL     P0M0,A
                                           ; SOURCE LINE # 105
00B0 EF                MOV     A,R7
00B1 5280              ANL     P0,A
                                           ; SOURCE LINE # 106
                                           ; SOURCE LINE # 107
00B3 22                RET     
                                           ; SOURCE LINE # 108
00B4         ?C0021:
                                           ; SOURCE LINE # 109
                                           ; SOURCE LINE # 110
00B4 EE                MOV     A,R6
C51 COMPILER V9.59.0.0   IO                                                                10/27/2019 12:36:18 PAGE 14  

00B5 F4                CPL     A
00B6 FF                MOV     R7,A
00B7 5291              ANL     P1M1,A
                                           ; SOURCE LINE # 111
00B9 EE                MOV     A,R6
00BA 4292              ORL     P1M0,A
                                           ; SOURCE LINE # 112
00BC EF                MOV     A,R7
00BD 5290              ANL     P1,A
                                           ; SOURCE LINE # 113
                                           ; SOURCE LINE # 114
00BF 22                RET     
                                           ; SOURCE LINE # 115
00C0         ?C0022:
                                           ; SOURCE LINE # 116
                                           ; SOURCE LINE # 117
00C0 EE                MOV     A,R6
00C1 F4                CPL     A
00C2 FF                MOV     R7,A
00C3 5295              ANL     P2M1,A
                                           ; SOURCE LINE # 118
00C5 EE                MOV     A,R6
00C6 4296              ORL     P2M0,A
                                           ; SOURCE LINE # 119
00C8 EF                MOV     A,R7
00C9 52A0              ANL     P2,A
                                           ; SOURCE LINE # 120
                                           ; SOURCE LINE # 121
00CB 22                RET     
                                           ; SOURCE LINE # 122
00CC         ?C0023:
                                           ; SOURCE LINE # 123
                                           ; SOURCE LINE # 124
00CC EE                MOV     A,R6
00CD F4                CPL     A
00CE FF                MOV     R7,A
00CF 52B1              ANL     P3M1,A
                                           ; SOURCE LINE # 125
00D1 EE                MOV     A,R6
00D2 42B2              ORL     P3M0,A
                                           ; SOURCE LINE # 126
00D4 EF                MOV     A,R7
00D5 52B0              ANL     P3,A
                                           ; SOURCE LINE # 127
                                           ; SOURCE LINE # 128
00D7 22                RET     
                                           ; SOURCE LINE # 129
00D8         ?C0024:
                                           ; SOURCE LINE # 130
                                           ; SOURCE LINE # 131
00D8 EE                MOV     A,R6
00D9 F4                CPL     A
00DA FF                MOV     R7,A
00DB 52B3              ANL     P4M1,A
                                           ; SOURCE LINE # 132
00DD EE                MOV     A,R6
00DE 42B4              ORL     P4M0,A
                                           ; SOURCE LINE # 133
00E0 EF                MOV     A,R7
00E1 52C0              ANL     P4,A
                                           ; SOURCE LINE # 134
                                           ; SOURCE LINE # 135
C51 COMPILER V9.59.0.0   IO                                                                10/27/2019 12:36:18 PAGE 15  

                                           ; SOURCE LINE # 136
                                           ; SOURCE LINE # 137
                                           ; SOURCE LINE # 138
00E3         ?C0025:
00E3 22                RET     
             ; FUNCTION _pinMode (END)

             ; FUNCTION _pinModeGroup (BEGIN)
                                           ; SOURCE LINE # 141
;---- Variable 'IOType' assigned to Register 'R5' ----
;---- Variable 'IOGroup' assigned to Register 'R7' ----
                                           ; SOURCE LINE # 142
                                           ; SOURCE LINE # 143
0000 ED                MOV     A,R5
0001 6004              JZ      ?C0027
0003 6402              XRL     A,#02H
0005 702D              JNZ     ?C0026
0007         ?C0027:
                                           ; SOURCE LINE # 144
                                           ; SOURCE LINE # 145
0007 EF                MOV     A,R7
0008 14                DEC     A
0009 6015              JZ      ?C0030
000B 14                DEC     A
000C 6017              JZ      ?C0031
000E 14                DEC     A
000F 6019              JZ      ?C0032
0011 14                DEC     A
0012 601B              JZ      ?C0033
0014 2404              ADD     A,#04H
0016 6003              JZ      $ + 5H
0018 020000      R     LJMP    ?C0050
                                           ; SOURCE LINE # 146
                                           ; SOURCE LINE # 147
001B         ?C0029:
                                           ; SOURCE LINE # 148
                                           ; SOURCE LINE # 149
001B E4                CLR     A
001C F593              MOV     P0M1,A
                                           ; SOURCE LINE # 150
                                           ; SOURCE LINE # 151
                                           ; SOURCE LINE # 152
                                           ; SOURCE LINE # 153
001E 802E              SJMP    ?C0146
                                           ; SOURCE LINE # 154
0020         ?C0030:
                                           ; SOURCE LINE # 155
                                           ; SOURCE LINE # 156
0020 E4                CLR     A
0021 F591              MOV     P1M1,A
                                           ; SOURCE LINE # 157
                                           ; SOURCE LINE # 158
                                           ; SOURCE LINE # 159
                                           ; SOURCE LINE # 160
0023 8032              SJMP    ?C0147
                                           ; SOURCE LINE # 161
0025         ?C0031:
                                           ; SOURCE LINE # 162
                                           ; SOURCE LINE # 163
0025 E4                CLR     A
0026 F595              MOV     P2M1,A
                                           ; SOURCE LINE # 164
C51 COMPILER V9.59.0.0   IO                                                                10/27/2019 12:36:18 PAGE 16  

                                           ; SOURCE LINE # 165
                                           ; SOURCE LINE # 166
                                           ; SOURCE LINE # 167
0028 8036              SJMP    ?C0148
                                           ; SOURCE LINE # 168
002A         ?C0032:
                                           ; SOURCE LINE # 169
                                           ; SOURCE LINE # 170
002A E4                CLR     A
002B F5B1              MOV     P3M1,A
                                           ; SOURCE LINE # 171
                                           ; SOURCE LINE # 172
                                           ; SOURCE LINE # 173
                                           ; SOURCE LINE # 174
002D 803A              SJMP    ?C0149
                                           ; SOURCE LINE # 175
002F         ?C0033:
                                           ; SOURCE LINE # 176
                                           ; SOURCE LINE # 177
002F E4                CLR     A
0030 F5B3              MOV     P4M1,A
                                           ; SOURCE LINE # 178
                                           ; SOURCE LINE # 179
                                           ; SOURCE LINE # 180
                                           ; SOURCE LINE # 181
0032 803E              SJMP    ?C0150
                                           ; SOURCE LINE # 182
                                           ; SOURCE LINE # 183
0034         ?C0026:
                                           ; SOURCE LINE # 184
0034 ED                MOV     A,R5
0035 6401              XRL     A,#01H
0037 703E              JNZ     ?C0035
                                           ; SOURCE LINE # 185
                                           ; SOURCE LINE # 186
0039 EF                MOV     A,R7
003A 14                DEC     A
003B 6016              JZ      ?C0038
003D 14                DEC     A
003E 601C              JZ      ?C0039
0040 14                DEC     A
0041 6022              JZ      ?C0040
0043 14                DEC     A
0044 6028              JZ      ?C0041
0046 2404              ADD     A,#04H
0048 706F              JNZ     ?C0050
                                           ; SOURCE LINE # 187
                                           ; SOURCE LINE # 188
004A         ?C0037:
                                           ; SOURCE LINE # 189
                                           ; SOURCE LINE # 190
004A 7593FF            MOV     P0M1,#0FFH
                                           ; SOURCE LINE # 191
004D E4                CLR     A
004E         ?C0146:
004E F594              MOV     P0M0,A
                                           ; SOURCE LINE # 192
0050 F580              MOV     P0,A
                                           ; SOURCE LINE # 193
                                           ; SOURCE LINE # 194
0052 22                RET     
                                           ; SOURCE LINE # 195
C51 COMPILER V9.59.0.0   IO                                                                10/27/2019 12:36:18 PAGE 17  

0053         ?C0038:
                                           ; SOURCE LINE # 196
                                           ; SOURCE LINE # 197
0053 7591FF            MOV     P1M1,#0FFH
                                           ; SOURCE LINE # 198
0056 E4                CLR     A
0057         ?C0147:
0057 F592              MOV     P1M0,A
                                           ; SOURCE LINE # 199
0059 F590              MOV     P1,A
                                           ; SOURCE LINE # 200
                                           ; SOURCE LINE # 201
005B 22                RET     
                                           ; SOURCE LINE # 202
005C         ?C0039:
                                           ; SOURCE LINE # 203
                                           ; SOURCE LINE # 204
005C 7595FF            MOV     P2M1,#0FFH
                                           ; SOURCE LINE # 205
005F E4                CLR     A
0060         ?C0148:
0060 F596              MOV     P2M0,A
                                           ; SOURCE LINE # 206
0062 F5A0              MOV     P2,A
                                           ; SOURCE LINE # 207
                                           ; SOURCE LINE # 208
0064 22                RET     
                                           ; SOURCE LINE # 209
0065         ?C0040:
                                           ; SOURCE LINE # 210
                                           ; SOURCE LINE # 211
0065 75B1FF            MOV     P3M1,#0FFH
                                           ; SOURCE LINE # 212
0068 E4                CLR     A
0069         ?C0149:
0069 F5B2              MOV     P3M0,A
                                           ; SOURCE LINE # 213
006B F5B0              MOV     P3,A
                                           ; SOURCE LINE # 214
                                           ; SOURCE LINE # 215
006D 22                RET     
                                           ; SOURCE LINE # 216
006E         ?C0041:
                                           ; SOURCE LINE # 217
                                           ; SOURCE LINE # 218
006E 75B3FF            MOV     P4M1,#0FFH
                                           ; SOURCE LINE # 219
0071 E4                CLR     A
0072         ?C0150:
0072 F5B4              MOV     P4M0,A
                                           ; SOURCE LINE # 220
0074 F5C0              MOV     P4,A
                                           ; SOURCE LINE # 221
                                           ; SOURCE LINE # 222
0076 22                RET     
                                           ; SOURCE LINE # 223
                                           ; SOURCE LINE # 224
0077         ?C0035:
                                           ; SOURCE LINE # 225
0077 ED                MOV     A,R5
0078 6403              XRL     A,#03H
007A 703D              JNZ     ?C0050
C51 COMPILER V9.59.0.0   IO                                                                10/27/2019 12:36:18 PAGE 18  

                                           ; SOURCE LINE # 226
                                           ; SOURCE LINE # 227
007C EF                MOV     A,R7
007D 14                DEC     A
007E 6016              JZ      ?C0046
0080 14                DEC     A
0081 601C              JZ      ?C0047
0083 14                DEC     A
0084 6022              JZ      ?C0048
0086 14                DEC     A
0087 6028              JZ      ?C0049
0089 2404              ADD     A,#04H
008B 702C              JNZ     ?C0050
                                           ; SOURCE LINE # 228
                                           ; SOURCE LINE # 229
008D         ?C0045:
                                           ; SOURCE LINE # 230
                                           ; SOURCE LINE # 231
008D E4                CLR     A
008E F593              MOV     P0M1,A
                                           ; SOURCE LINE # 232
0090 7594FF            MOV     P0M0,#0FFH
                                           ; SOURCE LINE # 233
0093 F580              MOV     P0,A
                                           ; SOURCE LINE # 234
                                           ; SOURCE LINE # 235
0095 22                RET     
                                           ; SOURCE LINE # 236
0096         ?C0046:
                                           ; SOURCE LINE # 237
                                           ; SOURCE LINE # 238
0096 E4                CLR     A
0097 F591              MOV     P1M1,A
                                           ; SOURCE LINE # 239
0099 7592FF            MOV     P1M0,#0FFH
                                           ; SOURCE LINE # 240
009C F590              MOV     P1,A
                                           ; SOURCE LINE # 241
                                           ; SOURCE LINE # 242
009E 22                RET     
                                           ; SOURCE LINE # 243
009F         ?C0047:
                                           ; SOURCE LINE # 244
                                           ; SOURCE LINE # 245
009F E4                CLR     A
00A0 F595              MOV     P2M1,A
                                           ; SOURCE LINE # 246
00A2 7596FF            MOV     P2M0,#0FFH
                                           ; SOURCE LINE # 247
00A5 F5A0              MOV     P2,A
                                           ; SOURCE LINE # 248
                                           ; SOURCE LINE # 249
00A7 22                RET     
                                           ; SOURCE LINE # 250
00A8         ?C0048:
                                           ; SOURCE LINE # 251
                                           ; SOURCE LINE # 252
00A8 E4                CLR     A
00A9 F5B1              MOV     P3M1,A
                                           ; SOURCE LINE # 253
00AB 75B2FF            MOV     P3M0,#0FFH
                                           ; SOURCE LINE # 254
C51 COMPILER V9.59.0.0   IO                                                                10/27/2019 12:36:18 PAGE 19  

00AE F5B0              MOV     P3,A
                                           ; SOURCE LINE # 255
                                           ; SOURCE LINE # 256
00B0 22                RET     
                                           ; SOURCE LINE # 257
00B1         ?C0049:
                                           ; SOURCE LINE # 258
                                           ; SOURCE LINE # 259
00B1 E4                CLR     A
00B2 F5B3              MOV     P4M1,A
                                           ; SOURCE LINE # 260
00B4 75B4FF            MOV     P4M0,#0FFH
                                           ; SOURCE LINE # 261
00B7 F5C0              MOV     P4,A
                                           ; SOURCE LINE # 262
                                           ; SOURCE LINE # 263
                                           ; SOURCE LINE # 264
                                           ; SOURCE LINE # 265
                                           ; SOURCE LINE # 266
00B9         ?C0050:
00B9 22                RET     
             ; FUNCTION _pinModeGroup (END)

             ; FUNCTION _digitalRead (BEGIN)
                                           ; SOURCE LINE # 269
;---- Variable 'IOMode' assigned to Register 'R7' ----
;---- Variable 'IONumber' assigned to Register 'R3' ----
;---- Variable 'IOGroup' assigned to Register 'R5' ----
                                           ; SOURCE LINE # 270
                                           ; SOURCE LINE # 271
0000 A803              MOV     R0,AR3
0002 7401              MOV     A,#01H
0004 08                INC     R0
0005 8002              SJMP    ?C0118
0007         ?C0117:
0007 C3                CLR     C
0008 33                RLC     A
0009         ?C0118:
0009 D8FC              DJNZ    R0,?C0117
000B FE                MOV     R6,A
;---- Variable 'regVal' assigned to Register 'R6' ----
                                           ; SOURCE LINE # 272
000C EF                MOV     A,R7
000D 7066              JNZ     ?C0051
                                           ; SOURCE LINE # 273
                                           ; SOURCE LINE # 274
000F ED                MOV     A,R5
0010 14                DEC     A
0011 6021              JZ      ?C0055
0013 14                DEC     A
0014 602F              JZ      ?C0056
0016 14                DEC     A
0017 603C              JZ      ?C0057
0019 14                DEC     A
001A 6049              JZ      ?C0058
001C 2404              ADD     A,#04H
001E 6003              JZ      $ + 5H
0020 020000      R     LJMP    ?C0059
                                           ; SOURCE LINE # 275
                                           ; SOURCE LINE # 276
0023         ?C0053:
                                           ; SOURCE LINE # 277
C51 COMPILER V9.59.0.0   IO                                                                10/27/2019 12:36:18 PAGE 20  

                                           ; SOURCE LINE # 278
0023 EE                MOV     A,R6
0024 4280              ORL     P0,A
                                           ; SOURCE LINE # 279
0026 A803              MOV     R0,AR3
0028 E580              MOV     A,P0
002A 08                INC     R0
002B 8002              SJMP    ?C0120
002D         ?C0119:
002D C3                CLR     C
002E 13                RRC     A
002F         ?C0120:
002F D8FC              DJNZ    R0,?C0119
0031 020000      R     LJMP    ?C0159
                                           ; SOURCE LINE # 280
                                           ; SOURCE LINE # 281
                                           ; SOURCE LINE # 282
0034         ?C0055:
                                           ; SOURCE LINE # 283
                                           ; SOURCE LINE # 284
0034 EE                MOV     A,R6
0035 4290              ORL     P1,A
                                           ; SOURCE LINE # 285
0037 A803              MOV     R0,AR3
0039 E590              MOV     A,P1
003B 08                INC     R0
003C 8002              SJMP    ?C0122
003E         ?C0121:
003E C3                CLR     C
003F 13                RRC     A
0040         ?C0122:
0040 D8FC              DJNZ    R0,?C0121
0042         ?C0151:
0042 020000      R     LJMP    ?C0159
                                           ; SOURCE LINE # 286
                                           ; SOURCE LINE # 287
                                           ; SOURCE LINE # 288
0045         ?C0056:
                                           ; SOURCE LINE # 289
                                           ; SOURCE LINE # 290
0045 EE                MOV     A,R6
0046 42A0              ORL     P2,A
                                           ; SOURCE LINE # 291
0048 A803              MOV     R0,AR3
004A E5A0              MOV     A,P2
004C 08                INC     R0
004D 8002              SJMP    ?C0124
004F         ?C0123:
004F C3                CLR     C
0050 13                RRC     A
0051         ?C0124:
0051 D8FC              DJNZ    R0,?C0123
0053         ?C0152:
0053 8077              SJMP    ?C0159
                                           ; SOURCE LINE # 292
                                           ; SOURCE LINE # 293
                                           ; SOURCE LINE # 294
0055         ?C0057:
                                           ; SOURCE LINE # 295
                                           ; SOURCE LINE # 296
0055 EE                MOV     A,R6
0056 42B0              ORL     P3,A
C51 COMPILER V9.59.0.0   IO                                                                10/27/2019 12:36:18 PAGE 21  

                                           ; SOURCE LINE # 297
0058 A803              MOV     R0,AR3
005A E5B0              MOV     A,P3
005C 08                INC     R0
005D 8002              SJMP    ?C0126
005F         ?C0125:
005F C3                CLR     C
0060 13                RRC     A
0061         ?C0126:
0061 D8FC              DJNZ    R0,?C0125
0063         ?C0153:
0063 8067              SJMP    ?C0159
                                           ; SOURCE LINE # 298
                                           ; SOURCE LINE # 299
                                           ; SOURCE LINE # 300
0065         ?C0058:
                                           ; SOURCE LINE # 301
                                           ; SOURCE LINE # 302
0065 EE                MOV     A,R6
0066 42C0              ORL     P4,A
                                           ; SOURCE LINE # 303
0068 A803              MOV     R0,AR3
006A E5C0              MOV     A,P4
006C 08                INC     R0
006D 8002              SJMP    ?C0128
006F         ?C0127:
006F C3                CLR     C
0070 13                RRC     A
0071         ?C0128:
0071 D8FC              DJNZ    R0,?C0127
0073         ?C0154:
0073 8057              SJMP    ?C0159
                                           ; SOURCE LINE # 304
                                           ; SOURCE LINE # 305
                                           ; SOURCE LINE # 306
                                           ; SOURCE LINE # 307
0075         ?C0051:
                                           ; SOURCE LINE # 308
0075 EF                MOV     A,R7
0076 6401              XRL     A,#01H
0078 7056              JNZ     ?C0059
                                           ; SOURCE LINE # 309
                                           ; SOURCE LINE # 310
007A ED                MOV     A,R5
007B 14                DEC     A
007C 601A              JZ      ?C0063
007E 14                DEC     A
007F 6024              JZ      ?C0064
0081 14                DEC     A
0082 602E              JZ      ?C0065
0084 14                DEC     A
0085 6038              JZ      ?C0066
0087 2404              ADD     A,#04H
0089 7045              JNZ     ?C0059
                                           ; SOURCE LINE # 311
                                           ; SOURCE LINE # 312
008B         ?C0062:
                                           ; SOURCE LINE # 313
008B A803              MOV     R0,AR3
008D E580              MOV     A,P0
008F 08                INC     R0
0090 8002              SJMP    ?C0130
C51 COMPILER V9.59.0.0   IO                                                                10/27/2019 12:36:18 PAGE 22  

0092         ?C0129:
0092 C3                CLR     C
0093 13                RRC     A
0094         ?C0130:
0094 D8FC              DJNZ    R0,?C0129
0096         ?C0155:
0096 8034              SJMP    ?C0159
                                           ; SOURCE LINE # 314
                                           ; SOURCE LINE # 315
0098         ?C0063:
                                           ; SOURCE LINE # 316
0098 A803              MOV     R0,AR3
009A E590              MOV     A,P1
009C 08                INC     R0
009D 8002              SJMP    ?C0132
009F         ?C0131:
009F C3                CLR     C
00A0 13                RRC     A
00A1         ?C0132:
00A1 D8FC              DJNZ    R0,?C0131
00A3         ?C0156:
00A3 8027              SJMP    ?C0159
                                           ; SOURCE LINE # 317
                                           ; SOURCE LINE # 318
00A5         ?C0064:
                                           ; SOURCE LINE # 319
00A5 A803              MOV     R0,AR3
00A7 E5A0              MOV     A,P2
00A9 08                INC     R0
00AA 8002              SJMP    ?C0134
00AC         ?C0133:
00AC C3                CLR     C
00AD 13                RRC     A
00AE         ?C0134:
00AE D8FC              DJNZ    R0,?C0133
00B0         ?C0157:
00B0 801A              SJMP    ?C0159
                                           ; SOURCE LINE # 320
                                           ; SOURCE LINE # 321
00B2         ?C0065:
                                           ; SOURCE LINE # 322
00B2 A803              MOV     R0,AR3
00B4 E5B0              MOV     A,P3
00B6 08                INC     R0
00B7 8002              SJMP    ?C0136
00B9         ?C0135:
00B9 C3                CLR     C
00BA 13                RRC     A
00BB         ?C0136:
00BB D8FC              DJNZ    R0,?C0135
00BD         ?C0158:
00BD 800D              SJMP    ?C0159
                                           ; SOURCE LINE # 323
                                           ; SOURCE LINE # 324
00BF         ?C0066:
                                           ; SOURCE LINE # 325
00BF AF03              MOV     R7,AR3
00C1 A807              MOV     R0,AR7
00C3 E5C0              MOV     A,P4
00C5 08                INC     R0
00C6 8002              SJMP    ?C0138
00C8         ?C0137:
C51 COMPILER V9.59.0.0   IO                                                                10/27/2019 12:36:18 PAGE 23  

00C8 C3                CLR     C
00C9 13                RRC     A
00CA         ?C0138:
00CA D8FC              DJNZ    R0,?C0137
00CC         ?C0159:
00CC 5401              ANL     A,#01H
00CE FF                MOV     R7,A
00CF 22                RET     
                                           ; SOURCE LINE # 326
                                           ; SOURCE LINE # 327
                                           ; SOURCE LINE # 328
00D0         ?C0059:
                                           ; SOURCE LINE # 329
00D0 7F00              MOV     R7,#00H
                                           ; SOURCE LINE # 330
00D2         ?C0054:
00D2 22                RET     
             ; FUNCTION _digitalRead (END)

             ; FUNCTION _digitalReadGroup (BEGIN)
                                           ; SOURCE LINE # 333
;---- Variable 'IOGroup' assigned to Register 'R5' ----
;---- Variable 'IOMode' assigned to Register 'R7' ----
                                           ; SOURCE LINE # 334
                                           ; SOURCE LINE # 335
0000 EF                MOV     A,R7
0001 702F              JNZ     ?C0067
                                           ; SOURCE LINE # 336
                                           ; SOURCE LINE # 337
0003 ED                MOV     A,R5
0004 14                DEC     A
0005 6013              JZ      ?C0071
0007 14                DEC     A
0008 6016              JZ      ?C0072
000A 14                DEC     A
000B 6019              JZ      ?C0073
000D 14                DEC     A
000E 601C              JZ      ?C0074
0010 2404              ADD     A,#04H
0012 7043              JNZ     ?C0075
                                           ; SOURCE LINE # 338
                                           ; SOURCE LINE # 339
0014         ?C0069:
                                           ; SOURCE LINE # 340
                                           ; SOURCE LINE # 341
0014 7580FF            MOV     P0,#0FFH
                                           ; SOURCE LINE # 342
0017 AF80              MOV     R7,P0
0019 22                RET     
                                           ; SOURCE LINE # 343
                                           ; SOURCE LINE # 344
                                           ; SOURCE LINE # 345
001A         ?C0071:
                                           ; SOURCE LINE # 346
                                           ; SOURCE LINE # 347
001A 7590FF            MOV     P1,#0FFH
                                           ; SOURCE LINE # 348
001D AF90              MOV     R7,P1
001F 22                RET     
                                           ; SOURCE LINE # 349
                                           ; SOURCE LINE # 350
                                           ; SOURCE LINE # 351
C51 COMPILER V9.59.0.0   IO                                                                10/27/2019 12:36:18 PAGE 24  

0020         ?C0072:
                                           ; SOURCE LINE # 352
                                           ; SOURCE LINE # 353
0020 75A0FF            MOV     P2,#0FFH
                                           ; SOURCE LINE # 354
0023 AFA0              MOV     R7,P2
0025 22                RET     
                                           ; SOURCE LINE # 355
                                           ; SOURCE LINE # 356
                                           ; SOURCE LINE # 357
0026         ?C0073:
                                           ; SOURCE LINE # 358
                                           ; SOURCE LINE # 359
0026 75B0FF            MOV     P3,#0FFH
                                           ; SOURCE LINE # 360
0029 AFB0              MOV     R7,P3
002B 22                RET     
                                           ; SOURCE LINE # 361
                                           ; SOURCE LINE # 362
                                           ; SOURCE LINE # 363
002C         ?C0074:
                                           ; SOURCE LINE # 364
                                           ; SOURCE LINE # 365
002C 75C0FF            MOV     P4,#0FFH
                                           ; SOURCE LINE # 366
002F AFC0              MOV     R7,P4
0031 22                RET     
                                           ; SOURCE LINE # 367
                                           ; SOURCE LINE # 368
                                           ; SOURCE LINE # 369
                                           ; SOURCE LINE # 370
0032         ?C0067:
                                           ; SOURCE LINE # 371
0032 EF                MOV     A,R7
0033 6401              XRL     A,#01H
0035 7020              JNZ     ?C0075
                                           ; SOURCE LINE # 372
                                           ; SOURCE LINE # 373
0037 ED                MOV     A,R5
0038 14                DEC     A
0039 6010              JZ      ?C0079
003B 14                DEC     A
003C 6010              JZ      ?C0080
003E 14                DEC     A
003F 6010              JZ      ?C0081
0041 14                DEC     A
0042 6010              JZ      ?C0082
0044 2404              ADD     A,#04H
0046 700F              JNZ     ?C0075
                                           ; SOURCE LINE # 374
                                           ; SOURCE LINE # 375
0048         ?C0078:
                                           ; SOURCE LINE # 376
0048 AF80              MOV     R7,P0
004A 22                RET     
                                           ; SOURCE LINE # 377
                                           ; SOURCE LINE # 378
004B         ?C0079:
                                           ; SOURCE LINE # 379
004B AF90              MOV     R7,P1
004D 22                RET     
                                           ; SOURCE LINE # 380
C51 COMPILER V9.59.0.0   IO                                                                10/27/2019 12:36:18 PAGE 25  

                                           ; SOURCE LINE # 381
004E         ?C0080:
                                           ; SOURCE LINE # 382
004E AFA0              MOV     R7,P2
0050 22                RET     
                                           ; SOURCE LINE # 383
                                           ; SOURCE LINE # 384
0051         ?C0081:
                                           ; SOURCE LINE # 385
0051 AFB0              MOV     R7,P3
0053 22                RET     
                                           ; SOURCE LINE # 386
                                           ; SOURCE LINE # 387
0054         ?C0082:
                                           ; SOURCE LINE # 388
0054 AFC0              MOV     R7,P4
0056 22                RET     
                                           ; SOURCE LINE # 389
                                           ; SOURCE LINE # 390
                                           ; SOURCE LINE # 391
0057         ?C0075:
                                           ; SOURCE LINE # 392
0057 7F00              MOV     R7,#00H
                                           ; SOURCE LINE # 393
0059         ?C0070:
0059 22                RET     
             ; FUNCTION _digitalReadGroup (END)

             ; FUNCTION _digitalWrite (BEGIN)
                                           ; SOURCE LINE # 396
;---- Variable 'IOGroup' assigned to Register 'R5' ----
;---- Variable 'IOMode' assigned to Register 'R7' ----
;---- Variable 'IONumber' assigned to Register 'R3' ----
                                           ; SOURCE LINE # 397
                                           ; SOURCE LINE # 399
0000 EF                MOV     A,R7
0001 F582              MOV     DPL,A
0003 6402              XRL     A,#02H
0005 6006              JZ      ?C0083
0007 E582              MOV     A,DPL
0009 6403              XRL     A,#03H
000B 7062              JNZ     ?C0084
000D         ?C0083:
                                           ; SOURCE LINE # 400
000D AF03              MOV     R7,AR3
000F A807              MOV     R0,AR7
0011 7401              MOV     A,#01H
0013 08                INC     R0
0014 8002              SJMP    ?C0140
0016         ?C0139:
0016 C3                CLR     C
0017 33                RLC     A
0018         ?C0140:
0018 D8FC              DJNZ    R0,?C0139
001A FF                MOV     R7,A
;---- Variable 'regVal' assigned to Register 'R7' ----
                                           ; SOURCE LINE # 401
001B 900000      R     MOV     DPTR,#content
001E E0                MOVX    A,@DPTR
001F 6025              JZ      ?C0085
                                           ; SOURCE LINE # 402
                                           ; SOURCE LINE # 403
C51 COMPILER V9.59.0.0   IO                                                                10/27/2019 12:36:18 PAGE 26  

0021 ED                MOV     A,R5
0022 14                DEC     A
0023 6011              JZ      ?C0088
0025 14                DEC     A
0026 6012              JZ      ?C0089
0028 14                DEC     A
0029 6013              JZ      ?C0090
002B 14                DEC     A
002C 6014              JZ      ?C0091
002E 2404              ADD     A,#04H
0030 703D              JNZ     ?C0084
                                           ; SOURCE LINE # 404
                                           ; SOURCE LINE # 405
0032         ?C0087:
                                           ; SOURCE LINE # 406
0032 EF                MOV     A,R7
0033 4280              ORL     P0,A
                                           ; SOURCE LINE # 407
0035 22                RET     
                                           ; SOURCE LINE # 408
0036         ?C0088:
                                           ; SOURCE LINE # 409
0036 EF                MOV     A,R7
0037 4290              ORL     P1,A
                                           ; SOURCE LINE # 410
0039 22                RET     
                                           ; SOURCE LINE # 411
003A         ?C0089:
                                           ; SOURCE LINE # 412
003A EF                MOV     A,R7
003B 42A0              ORL     P2,A
                                           ; SOURCE LINE # 413
003D 22                RET     
                                           ; SOURCE LINE # 414
003E         ?C0090:
                                           ; SOURCE LINE # 415
003E EF                MOV     A,R7
003F 42B0              ORL     P3,A
                                           ; SOURCE LINE # 416
0041 22                RET     
                                           ; SOURCE LINE # 417
0042         ?C0091:
                                           ; SOURCE LINE # 418
0042 EF                MOV     A,R7
0043 42C0              ORL     P4,A
                                           ; SOURCE LINE # 419
0045 22                RET     
                                           ; SOURCE LINE # 420
                                           ; SOURCE LINE # 421
0046         ?C0085:
                                           ; SOURCE LINE # 423
                                           ; SOURCE LINE # 424
0046 ED                MOV     A,R5
0047 14                DEC     A
0048 6012              JZ      ?C0095
004A 14                DEC     A
004B 6014              JZ      ?C0096
004D 14                DEC     A
004E 6016              JZ      ?C0097
0050 14                DEC     A
0051 6018              JZ      ?C0098
0053 2404              ADD     A,#04H
C51 COMPILER V9.59.0.0   IO                                                                10/27/2019 12:36:18 PAGE 27  

0055 7018              JNZ     ?C0084
                                           ; SOURCE LINE # 425
                                           ; SOURCE LINE # 426
0057         ?C0094:
                                           ; SOURCE LINE # 427
0057 EF                MOV     A,R7
0058 F4                CPL     A
0059 5280              ANL     P0,A
                                           ; SOURCE LINE # 428
005B 22                RET     
                                           ; SOURCE LINE # 429
005C         ?C0095:
                                           ; SOURCE LINE # 430
005C EF                MOV     A,R7
005D F4                CPL     A
005E 5290              ANL     P1,A
                                           ; SOURCE LINE # 431
0060 22                RET     
                                           ; SOURCE LINE # 432
0061         ?C0096:
                                           ; SOURCE LINE # 433
0061 EF                MOV     A,R7
0062 F4                CPL     A
0063 52A0              ANL     P2,A
                                           ; SOURCE LINE # 434
0065 22                RET     
                                           ; SOURCE LINE # 435
0066         ?C0097:
                                           ; SOURCE LINE # 436
0066 EF                MOV     A,R7
0067 F4                CPL     A
0068 52B0              ANL     P3,A
                                           ; SOURCE LINE # 437
006A 22                RET     
                                           ; SOURCE LINE # 438
006B         ?C0098:
                                           ; SOURCE LINE # 439
006B EF                MOV     A,R7
006C F4                CPL     A
006D 52C0              ANL     P4,A
                                           ; SOURCE LINE # 440
                                           ; SOURCE LINE # 441
                                           ; SOURCE LINE # 442
                                           ; SOURCE LINE # 443
006F         ?C0084:
006F 22                RET     
             ; FUNCTION _digitalWrite (END)

             ; FUNCTION _digitalWriteGroup (BEGIN)
                                           ; SOURCE LINE # 446
;---- Variable 'IOGroup' assigned to Register 'R5' ----
;---- Variable 'IOMode' assigned to Register 'R7' ----
;---- Variable 'content' assigned to Register 'R3' ----
                                           ; SOURCE LINE # 447
                                           ; SOURCE LINE # 448
0000 EF                MOV     A,R7
0001 F582              MOV     DPL,A
0003 6402              XRL     A,#02H
0005 6006              JZ      ?C0099
0007 E582              MOV     A,DPL
0009 6403              XRL     A,#03H
000B 704C              JNZ     ?C0100
C51 COMPILER V9.59.0.0   IO                                                                10/27/2019 12:36:18 PAGE 28  

000D         ?C0099:
                                           ; SOURCE LINE # 449
000D EB                MOV     A,R3
000E 6025              JZ      ?C0101
                                           ; SOURCE LINE # 450
                                           ; SOURCE LINE # 451
0010 ED                MOV     A,R5
0011 14                DEC     A
0012 6011              JZ      ?C0104
0014 14                DEC     A
0015 6012              JZ      ?C0105
0017 14                DEC     A
0018 6013              JZ      ?C0106
001A 14                DEC     A
001B 6014              JZ      ?C0107
001D 2404              ADD     A,#04H
001F 7038              JNZ     ?C0100
                                           ; SOURCE LINE # 452
                                           ; SOURCE LINE # 453
0021         ?C0103:
                                           ; SOURCE LINE # 454
0021 7580FF            MOV     P0,#0FFH
                                           ; SOURCE LINE # 455
0024 22                RET     
                                           ; SOURCE LINE # 456
0025         ?C0104:
                                           ; SOURCE LINE # 457
0025 7590FF            MOV     P1,#0FFH
                                           ; SOURCE LINE # 458
0028 22                RET     
                                           ; SOURCE LINE # 459
0029         ?C0105:
                                           ; SOURCE LINE # 460
0029 75A0FF            MOV     P2,#0FFH
                                           ; SOURCE LINE # 461
002C 22                RET     
                                           ; SOURCE LINE # 462
002D         ?C0106:
                                           ; SOURCE LINE # 463
002D 75B0FF            MOV     P3,#0FFH
                                           ; SOURCE LINE # 464
0030 22                RET     
                                           ; SOURCE LINE # 465
0031         ?C0107:
                                           ; SOURCE LINE # 466
0031 75C0FF            MOV     P4,#0FFH
                                           ; SOURCE LINE # 467
0034 22                RET     
                                           ; SOURCE LINE # 468
                                           ; SOURCE LINE # 469
0035         ?C0101:
                                           ; SOURCE LINE # 471
                                           ; SOURCE LINE # 472
0035 ED                MOV     A,R5
0036 14                DEC     A
0037 6011              JZ      ?C0111
0039 14                DEC     A
003A 6012              JZ      ?C0112
003C 14                DEC     A
003D 6013              JZ      ?C0113
003F 14                DEC     A
0040 6014              JZ      ?C0114
C51 COMPILER V9.59.0.0   IO                                                                10/27/2019 12:36:18 PAGE 29  

0042 2404              ADD     A,#04H
0044 7013              JNZ     ?C0100
                                           ; SOURCE LINE # 473
                                           ; SOURCE LINE # 474
0046         ?C0110:
                                           ; SOURCE LINE # 475
0046 E4                CLR     A
0047 F580              MOV     P0,A
                                           ; SOURCE LINE # 476
0049 22                RET     
                                           ; SOURCE LINE # 477
004A         ?C0111:
                                           ; SOURCE LINE # 478
004A E4                CLR     A
004B F590              MOV     P1,A
                                           ; SOURCE LINE # 479
004D 22                RET     
                                           ; SOURCE LINE # 480
004E         ?C0112:
                                           ; SOURCE LINE # 481
004E E4                CLR     A
004F F5A0              MOV     P2,A
                                           ; SOURCE LINE # 482
0051 22                RET     
                                           ; SOURCE LINE # 483
0052         ?C0113:
                                           ; SOURCE LINE # 484
0052 E4                CLR     A
0053 F5B0              MOV     P3,A
                                           ; SOURCE LINE # 485
0055 22                RET     
                                           ; SOURCE LINE # 486
0056         ?C0114:
                                           ; SOURCE LINE # 487
0056 E4                CLR     A
0057 F5C0              MOV     P4,A
                                           ; SOURCE LINE # 488
                                           ; SOURCE LINE # 489
                                           ; SOURCE LINE # 490
                                           ; SOURCE LINE # 491
0059         ?C0100:
0059 22                RET     
             ; FUNCTION _digitalWriteGroup (END)



MODULE INFORMATION:   STATIC OVERLAYABLE
   CODE SIZE        =    917    ----
   CONSTANT SIZE    =   ----    ----
   XDATA SIZE       =   ----       4
   PDATA SIZE       =   ----    ----
   DATA SIZE        =   ----    ----
   IDATA SIZE       =   ----    ----
   BIT SIZE         =   ----    ----
END OF MODULE INFORMATION.


C51 COMPILATION COMPLETE.  0 WARNING(S),  0 ERROR(S)
