C51 COMPILER V9.54   JMCR_CAR                                                              03/28/2019 11:41:52 PAGE 1   


C51 COMPILER V9.54, COMPILATION OF MODULE JMCR_CAR
OBJECT MODULE PLACED IN .\Objects\JMCR_Car.obj
COMPILER INVOKED BY: C:\Keil_v5\C51\BIN\C51.EXE USER\JMCR_Car.c LARGE OPTIMIZE(8,SPEED) BROWSE INCDIR(.\HARDWARE;.\LIB) 
                    -DEBUG OBJECTEXTEND CODE NOCOND PRINT(.\Listings\JMCR_Car.lst) TABS(2) OBJECT(.\Objects\JMCR_Car.obj)

line level    source

   1          #include "STC15.h"
   2          #include "IO.h"
   3          #include "PWM.h"
   4          #include "STDFUNC.h"
   5          #include "USART.h"
   6          #include "PID.h"
   7          #include "MOTOR.h"
   8          #include "SERVO.h"
   9          #include "SENSOR.h"
  10          
  11          #define true 1
  12          #define CONTROL_INV 10
  13          #define WAIT_INV 1000
  14          
  15          void JMCR_Car()
  16          {
  17   1        PID_Calc(Sensor_GetData());
  18   1        Servo_SetAngle(PID_ServoAngle);
  19   1        Motor_Left(PID_LeftMotorPWM);
  20   1        Motor_Right(PID_RightMotorPWM);
  21   1      }
  22           
  23          void main()
  24          {
  25   1        u8 i;
  26   1        //Init Devices
  27   1        Motor_Init();
  28   1        Sensor_Init();
  29   1        Servo_Attach();
  30   1        //Init PID
  31   1        PID_Setup(0.45, 0, 0.15);
  32   1        //Serial1_Begin(115200);
  33   1        //Wait for initializing
  34   1        delay_ms(WAIT_INV);
  35   1        while(true)
  36   1        {
  37   2          JMCR_Car();
  38   2          for(i = 0; i < 16; i++)Serial1_SendByte(sensorData[i]);
  39   2          //Serial1_SendByte(3); 
  40   2          delay_ms(CONTROL_INV);
  41   2        }
  42   1      }
C51 COMPILER V9.54   JMCR_CAR                                                              03/28/2019 11:41:52 PAGE 2   

ASSEMBLY LISTING OF GENERATED OBJECT CODE


             ; FUNCTION JMCR_Car (BEGIN)
                                           ; SOURCE LINE # 15
                                           ; SOURCE LINE # 16
                                           ; SOURCE LINE # 17
0000 120000      E     LCALL   Sensor_GetData
0003 120000      E     LCALL   _PID_Calc
                                           ; SOURCE LINE # 18
0006 900000      E     MOV     DPTR,#PID_ServoAngle
0009 E0                MOVX    A,@DPTR
000A FF                MOV     R7,A
000B 120000      E     LCALL   _Servo_SetAngle
                                           ; SOURCE LINE # 19
000E 900000      E     MOV     DPTR,#PID_LeftMotorPWM
0011 E0                MOVX    A,@DPTR
0012 FE                MOV     R6,A
0013 A3                INC     DPTR
0014 E0                MOVX    A,@DPTR
0015 FF                MOV     R7,A
0016 120000      E     LCALL   _Motor_Left
                                           ; SOURCE LINE # 20
0019 900000      E     MOV     DPTR,#PID_RightMotorPWM
001C E0                MOVX    A,@DPTR
001D FE                MOV     R6,A
001E A3                INC     DPTR
001F E0                MOVX    A,@DPTR
0020 FF                MOV     R7,A
0021 020000      E     LJMP    _Motor_Right
             ; FUNCTION JMCR_Car (END)

             ; FUNCTION main (BEGIN)
                                           ; SOURCE LINE # 23
                                           ; SOURCE LINE # 24
                                           ; SOURCE LINE # 27
0000 120000      E     LCALL   Motor_Init
                                           ; SOURCE LINE # 28
0003 120000      E     LCALL   Sensor_Init
                                           ; SOURCE LINE # 29
0006 120000      E     LCALL   Servo_Attach
                                           ; SOURCE LINE # 31
0009 900000      E     MOV     DPTR,#?_PID_Setup?BYTE+04H
000C 120000      E     LCALL   ?C?LSTKXDATA
000F 00                DB      00H
0010 00                DB      00H
0011 00                DB      00H
0012 00                DB      00H
0013 900000      E     MOV     DPTR,#?_PID_Setup?BYTE+08H
0016 120000      E     LCALL   ?C?LSTKXDATA
0019 3E                DB      03EH
001A 19                DB      019H
001B 99                DB      099H
001C 9A                DB      09AH
001D 7F66              MOV     R7,#066H
001F 7E66              MOV     R6,#066H
0021 7DE6              MOV     R5,#0E6H
0023 7C3E              MOV     R4,#03EH
0025 120000      E     LCALL   _PID_Setup
                                           ; SOURCE LINE # 34
0028 7FE8              MOV     R7,#0E8H
002A 7E03              MOV     R6,#03H
C51 COMPILER V9.54   JMCR_CAR                                                              03/28/2019 11:41:52 PAGE 3   

002C 120000      E     LCALL   _delay_ms
002F         ?C0002:
                                           ; SOURCE LINE # 35
                                           ; SOURCE LINE # 36
                                           ; SOURCE LINE # 37
002F 120000      R     LCALL   JMCR_Car
                                           ; SOURCE LINE # 38
0032 E4                CLR     A
0033 900000      R     MOV     DPTR,#i
0036 F0                MOVX    @DPTR,A
0037         ?C0004:
0037 900000      R     MOV     DPTR,#i
003A E0                MOVX    A,@DPTR
003B FF                MOV     R7,A
003C C3                CLR     C
003D 9410              SUBB    A,#010H
003F 5017              JNC     ?C0005
0041 7400        E     MOV     A,#LOW sensorData
0043 2F                ADD     A,R7
0044 F582              MOV     DPL,A
0046 E4                CLR     A
0047 3400        E     ADDC    A,#HIGH sensorData
0049 F583              MOV     DPH,A
004B E0                MOVX    A,@DPTR
004C FF                MOV     R7,A
004D 120000      E     LCALL   _Serial1_SendByte
0050 900000      R     MOV     DPTR,#i
0053 E0                MOVX    A,@DPTR
0054 04                INC     A
0055 F0                MOVX    @DPTR,A
0056 80DF              SJMP    ?C0004
0058         ?C0005:
                                           ; SOURCE LINE # 40
0058 7F0A              MOV     R7,#0AH
005A 7E00              MOV     R6,#00H
005C 120000      E     LCALL   _delay_ms
                                           ; SOURCE LINE # 41
005F 80CE              SJMP    ?C0002
             ; FUNCTION main (END)



MODULE INFORMATION:   STATIC OVERLAYABLE
   CODE SIZE        =    133    ----
   CONSTANT SIZE    =   ----    ----
   XDATA SIZE       =   ----       1
   PDATA SIZE       =   ----    ----
   DATA SIZE        =   ----    ----
   IDATA SIZE       =   ----    ----
   BIT SIZE         =   ----    ----
END OF MODULE INFORMATION.


C51 COMPILATION COMPLETE.  0 WARNING(S),  0 ERROR(S)
