C51 COMPILER V9.54   SERVO                                                                 03/28/2019 11:47:45 PAGE 1   


C51 COMPILER V9.54, COMPILATION OF MODULE SERVO
OBJECT MODULE PLACED IN .\Objects\SERVO.obj
COMPILER INVOKED BY: C:\Keil_v5\C51\BIN\C51.EXE HARDWARE\SERVO.c LARGE OPTIMIZE(8,SPEED) BROWSE INCDIR(.\HARDWARE;.\LIB)
                    - DEBUG OBJECTEXTEND CODE NOCOND PRINT(.\Listings\SERVO.lst) TABS(2) OBJECT(.\Objects\SERVO.obj)

line level    source

   1          /*
   2          ---- Servo Control Module ----
   3          Author: Zhang Muhua
   4          Date: 2019.2.9 
   5          ----------------------------
   6          */
   7          #include "STC15.h"
   8          #include "IO.h"
   9          #include "STDFUNC.h"
  10          #include "SERVO.h"
  11          
  12          int servoAngle;
  13          int servoHighFreq;
  14          
  15          //1.5ms@30.000Mhz
  16          void Timer0Init(void)
  17          {
  18   1        ET0 = 0;
  19   1        TR0 = 0;
  20   1        AUXR |= 0x80;
  21   1        TMOD &= 0xF0; 
  22   1        TL0 = 0x38;
  23   1        TH0 = 0x50;
  24   1        TF0 = 0;
  25   1        ET0 = 1;
  26   1        EA = 1;
  27   1      }
  28          
  29          //20ms @30.000Mhz
  30          void Timer2Init(void)
  31          {
  32   1        AUXR &= 0xFB;
  33   1        T2L = 0xB0;
  34   1        T2H = 0x3C;
  35   1        IE2 |= 0x04;
  36   1        EA = 1;
  37   1      }
  38          
  39          //Timer0 ISP
  40          void Timer0_ISP() interrupt 1
  41          {
  42   1        servoPin = 0;
  43   1        TR0 = 0;
  44   1      }
  45          
  46          //Timer2 ISP
  47          void Timer2_ISP() interrupt 12
  48          {
  49   1        servoPin = 1;
  50   1        TR0 = 1;
  51   1      }
  52          
  53          //Attach Servo 
  54          void Servo_Attach()
C51 COMPILER V9.54   SERVO                                                                 03/28/2019 11:47:45 PAGE 2   

  55          {   
  56   1        //Setup Servo
  57   1        servoAngle = 0;
  58   1        //Setup IO Mode
  59   1        pinMode(SERVO_IO_GROUP, SERVO_IO_NUMBER, OUTPUT_PP);
  60   1        digitalWrite(OUTPUT_PP, SERVO_IO_GROUP, SERVO_IO_NUMBER, 0);
  61   1        //Setup Timer0 et Timer2
  62   1        Timer0Init();
  63   1        Timer2Init();
  64   1        //Reset Servo Angle
  65   1        Servo_SetAngle(SERVO_MID_ANGLE);
  66   1      }
  67          
  68          //Set Servo Angle
  69          void Servo_SetAngle(u8 Angle)
  70          {
  71   1        if(Angle < SERVO_MIN_ANGLE || Angle > SERVO_MAX_ANGLE || Angle == servoAngle)return;
  72   1        //Timer Stop
  73   1        TR0 = 0;
  74   1        AUXR &= ~0x10;
  75   1        //Set Servo Timer
  76   1        servoPin = 0;
  77   1        servoAngle = Angle;
  78   1        servoHighFreq = 100000L / ((servoAngle * 10) / 9 + 50);
  79   1        if(Angle == SERVO_MID_ANGLE)
  80   1        {
  81   2          TL0 = 0x38;
  82   2          TH0 = 0x50;
  83   2        }
  84   1        else
  85   1        {
  86   2          TL0 = (65536 - (long)(FOSC / 1 / servoHighFreq)) % 256;
  87   2          TH0 = (65536 - (long)(FOSC / 1 / servoHighFreq)) / 256;
  88   2        }
  89   1        servoPin = 1;
  90   1        //Timer Start
  91   1        TR0 = 1;
  92   1        AUXR |= 0x10;
  93   1      }
C51 COMPILER V9.54   SERVO                                                                 03/28/2019 11:47:45 PAGE 3   

ASSEMBLY LISTING OF GENERATED OBJECT CODE


             ; FUNCTION Timer0Init (BEGIN)
                                           ; SOURCE LINE # 16
                                           ; SOURCE LINE # 17
                                           ; SOURCE LINE # 18
0000 C2A9              CLR     ET0
                                           ; SOURCE LINE # 19
0002 C28C              CLR     TR0
                                           ; SOURCE LINE # 20
0004 438E80            ORL     AUXR,#080H
                                           ; SOURCE LINE # 21
0007 5389F0            ANL     TMOD,#0F0H
                                           ; SOURCE LINE # 22
000A 758A38            MOV     TL0,#038H
                                           ; SOURCE LINE # 23
000D 758C50            MOV     TH0,#050H
                                           ; SOURCE LINE # 24
0010 C28D              CLR     TF0
                                           ; SOURCE LINE # 25
0012 D2A9              SETB    ET0
                                           ; SOURCE LINE # 26
0014 D2AF              SETB    EA
                                           ; SOURCE LINE # 27
0016 22                RET     
             ; FUNCTION Timer0Init (END)

             ; FUNCTION Timer2Init (BEGIN)
                                           ; SOURCE LINE # 30
                                           ; SOURCE LINE # 31
                                           ; SOURCE LINE # 32
0000 538EFB            ANL     AUXR,#0FBH
                                           ; SOURCE LINE # 33
0003 75D7B0            MOV     T2L,#0B0H
                                           ; SOURCE LINE # 34
0006 75D63C            MOV     T2H,#03CH
                                           ; SOURCE LINE # 35
0009 43AF04            ORL     IE2,#04H
                                           ; SOURCE LINE # 36
000C D2AF              SETB    EA
                                           ; SOURCE LINE # 37
000E 22                RET     
             ; FUNCTION Timer2Init (END)

             ; FUNCTION Timer0_ISP (BEGIN)
                                           ; SOURCE LINE # 40
                                           ; SOURCE LINE # 42
0000 C2C5              CLR     servoPin
                                           ; SOURCE LINE # 43
0002 C28C              CLR     TR0
                                           ; SOURCE LINE # 44
0004 32                RETI    
             ; FUNCTION Timer0_ISP (END)

             ; FUNCTION Timer2_ISP (BEGIN)
                                           ; SOURCE LINE # 47
                                           ; SOURCE LINE # 49
0000 D2C5              SETB    servoPin
                                           ; SOURCE LINE # 50
0002 D28C              SETB    TR0
                                           ; SOURCE LINE # 51
C51 COMPILER V9.54   SERVO                                                                 03/28/2019 11:47:45 PAGE 4   

0004 32                RETI    
             ; FUNCTION Timer2_ISP (END)

             ; FUNCTION Servo_Attach (BEGIN)
                                           ; SOURCE LINE # 54
                                           ; SOURCE LINE # 55
                                           ; SOURCE LINE # 57
0000 E4                CLR     A
0001 900000      R     MOV     DPTR,#servoAngle
0004 F0                MOVX    @DPTR,A
0005 A3                INC     DPTR
0006 F0                MOVX    @DPTR,A
                                           ; SOURCE LINE # 59
0007 7B03              MOV     R3,#03H
0009 7D05              MOV     R5,#05H
000B 7F04              MOV     R7,#04H
000D 120000      E     LCALL   _pinMode
                                           ; SOURCE LINE # 60
0010 E4                CLR     A
0011 900000      E     MOV     DPTR,#?_digitalWrite?BYTE+03H
0014 F0                MOVX    @DPTR,A
0015 7B05              MOV     R3,#05H
0017 7D04              MOV     R5,#04H
0019 7F03              MOV     R7,#03H
001B 120000      E     LCALL   _digitalWrite
                                           ; SOURCE LINE # 62
001E 120000      R     LCALL   Timer0Init
                                           ; SOURCE LINE # 63
0021 120000      R     LCALL   Timer2Init
                                           ; SOURCE LINE # 65
0024 7F5A              MOV     R7,#05AH
0026 020000      R     LJMP    _Servo_SetAngle
             ; FUNCTION Servo_Attach (END)

             ; FUNCTION _Servo_SetAngle (BEGIN)
                                           ; SOURCE LINE # 69
0000 900000      R     MOV     DPTR,#Angle
0003 EF                MOV     A,R7
0004 F0                MOVX    @DPTR,A
                                           ; SOURCE LINE # 70
                                           ; SOURCE LINE # 71
0005 C3                CLR     C
0006 9400              SUBB    A,#00H
0008 5003              JNC     $ + 5H
000A 020000      R     LJMP    ?C0008
000D E0                MOVX    A,@DPTR
000E FF                MOV     R7,A
000F D3                SETB    C
0010 94B4              SUBB    A,#0B4H
0012 4003              JC      $ + 5H
0014 020000      R     LJMP    ?C0008
0017 900000      R     MOV     DPTR,#servoAngle
001A E0                MOVX    A,@DPTR
001B 7003              JNZ     ?C0011
001D A3                INC     DPTR
001E E0                MOVX    A,@DPTR
001F 6F                XRL     A,R7
0020         ?C0011:
0020 7003              JNZ     $ + 5H
0022 020000      R     LJMP    ?C0008
0025         ?C0006:
                                           ; SOURCE LINE # 73
C51 COMPILER V9.54   SERVO                                                                 03/28/2019 11:47:45 PAGE 5   

0025 C28C              CLR     TR0
                                           ; SOURCE LINE # 74
0027 538EEF            ANL     AUXR,#0EFH
                                           ; SOURCE LINE # 76
002A C2C5              CLR     servoPin
                                           ; SOURCE LINE # 77
002C 900000      R     MOV     DPTR,#Angle
002F E0                MOVX    A,@DPTR
0030 FF                MOV     R7,A
0031 7E00              MOV     R6,#00H
0033 900000      R     MOV     DPTR,#servoAngle
0036 EE                MOV     A,R6
0037 F0                MOVX    @DPTR,A
0038 A3                INC     DPTR
0039 EF                MOV     A,R7
003A F0                MOVX    @DPTR,A
                                           ; SOURCE LINE # 78
003B 7C00              MOV     R4,#00H
003D 7D0A              MOV     R5,#0AH
003F 120000      E     LCALL   ?C?IMUL
0042 1D                DEC     R5
0043 120000      E     LCALL   ?C?SIDIV
0046 EF                MOV     A,R7
0047 2432              ADD     A,#032H
0049 FF                MOV     R7,A
004A E4                CLR     A
004B 3E                ADDC    A,R6
004C AB07              MOV     R3,AR7
004E FA                MOV     R2,A
004F 33                RLC     A
0050 95E0              SUBB    A,ACC
0052 F9                MOV     R1,A
0053 F8                MOV     R0,A
0054 7FA0              MOV     R7,#0A0H
0056 7E86              MOV     R6,#086H
0058 7D01              MOV     R5,#01H
005A 7C00              MOV     R4,#00H
005C 120000      E     LCALL   ?C?SLDIV
005F 900000      R     MOV     DPTR,#servoHighFreq
0062 EE                MOV     A,R6
0063 F0                MOVX    @DPTR,A
0064 A3                INC     DPTR
0065 EF                MOV     A,R7
0066 F0                MOVX    @DPTR,A
                                           ; SOURCE LINE # 79
0067 900000      R     MOV     DPTR,#Angle
006A E0                MOVX    A,@DPTR
006B B45A08            CJNE    A,#05AH,?C0009
                                           ; SOURCE LINE # 80
                                           ; SOURCE LINE # 81
006E 758A38            MOV     TL0,#038H
                                           ; SOURCE LINE # 82
0071 758C50            MOV     TH0,#050H
                                           ; SOURCE LINE # 83
0074 806A              SJMP    ?C0010
0076         ?C0009:
                                           ; SOURCE LINE # 85
                                           ; SOURCE LINE # 86
0076 900000      R     MOV     DPTR,#servoHighFreq
0079 E0                MOVX    A,@DPTR
007A FE                MOV     R6,A
007B A3                INC     DPTR
C51 COMPILER V9.54   SERVO                                                                 03/28/2019 11:47:45 PAGE 6   

007C E0                MOVX    A,@DPTR
007D FB                MOV     R3,A
007E AA06              MOV     R2,AR6
0080 EA                MOV     A,R2
0081 33                RLC     A
0082 95E0              SUBB    A,ACC
0084 F9                MOV     R1,A
0085 F8                MOV     R0,A
0086 7F80              MOV     R7,#080H
0088 7EC3              MOV     R6,#0C3H
008A 7DC9              MOV     R5,#0C9H
008C 7C01              MOV     R4,#01H
008E 120000      E     LCALL   ?C?SLDIV
0091 C3                CLR     C
0092 E4                CLR     A
0093 9F                SUBB    A,R7
0094 FF                MOV     R7,A
0095 E4                CLR     A
0096 9E                SUBB    A,R6
0097 FE                MOV     R6,A
0098 7401              MOV     A,#01H
009A 9D                SUBB    A,R5
009B FD                MOV     R5,A
009C E4                CLR     A
009D 9C                SUBB    A,R4
009E FC                MOV     R4,A
009F E4                CLR     A
00A0 FB                MOV     R3,A
00A1 7A01              MOV     R2,#01H
00A3 F9                MOV     R1,A
00A4 F8                MOV     R0,A
00A5 120000      E     LCALL   ?C?SLDIV
00A8 AF03              MOV     R7,AR3
00AA 8F8A              MOV     TL0,R7
                                           ; SOURCE LINE # 87
00AC 900000      R     MOV     DPTR,#servoHighFreq
00AF E0                MOVX    A,@DPTR
00B0 FE                MOV     R6,A
00B1 A3                INC     DPTR
00B2 E0                MOVX    A,@DPTR
00B3 FB                MOV     R3,A
00B4 AA06              MOV     R2,AR6
00B6 EA                MOV     A,R2
00B7 33                RLC     A
00B8 95E0              SUBB    A,ACC
00BA F9                MOV     R1,A
00BB F8                MOV     R0,A
00BC 7F80              MOV     R7,#080H
00BE 7EC3              MOV     R6,#0C3H
00C0 7DC9              MOV     R5,#0C9H
00C2 7C01              MOV     R4,#01H
00C4 120000      E     LCALL   ?C?SLDIV
00C7 C3                CLR     C
00C8 E4                CLR     A
00C9 9F                SUBB    A,R7
00CA FF                MOV     R7,A
00CB E4                CLR     A
00CC 9E                SUBB    A,R6
00CD FE                MOV     R6,A
00CE 7401              MOV     A,#01H
00D0 9D                SUBB    A,R5
00D1 FD                MOV     R5,A
C51 COMPILER V9.54   SERVO                                                                 03/28/2019 11:47:45 PAGE 7   

00D2 E4                CLR     A
00D3 9C                SUBB    A,R4
00D4 FC                MOV     R4,A
00D5 E4                CLR     A
00D6 FB                MOV     R3,A
00D7 7A01              MOV     R2,#01H
00D9 F9                MOV     R1,A
00DA F8                MOV     R0,A
00DB 120000      E     LCALL   ?C?SLDIV
00DE 8F8C              MOV     TH0,R7
                                           ; SOURCE LINE # 88
00E0         ?C0010:
                                           ; SOURCE LINE # 89
00E0 D2C5              SETB    servoPin
                                           ; SOURCE LINE # 91
00E2 D28C              SETB    TR0
                                           ; SOURCE LINE # 92
00E4 438E10            ORL     AUXR,#010H
                                           ; SOURCE LINE # 93
00E7         ?C0008:
00E7 22                RET     
             ; FUNCTION _Servo_SetAngle (END)



MODULE INFORMATION:   STATIC OVERLAYABLE
   CODE SIZE        =    321    ----
   CONSTANT SIZE    =   ----    ----
   XDATA SIZE       =      4       1
   PDATA SIZE       =   ----    ----
   DATA SIZE        =   ----    ----
   IDATA SIZE       =   ----    ----
   BIT SIZE         =   ----    ----
END OF MODULE INFORMATION.


C51 COMPILATION COMPLETE.  0 WARNING(S),  0 ERROR(S)
