C51 COMPILER V9.59.0.0   IO                                                                09/03/2020 14:35:18 PAGE 1   


C51 COMPILER V9.59.0.0, COMPILATION OF MODULE IO
OBJECT MODULE PLACED IN .\Objects\IO.obj
COMPILER INVOKED BY: C:\Keil_v5\C51\BIN\C51.EXE LIB\IO.c LARGE OPTIMIZE(8,SPEED) BROWSE INCDIR(.\HARDWARE;.\LIB) DEBUG O
                    -BJECTEXTEND PRINT(.\Listings\IO.lst) TABS(2) OBJECT(.\Objects\IO.obj)

line level    source

   1          /*
   2          ---- IO Control Module ----
   3          Author: Zhang Muhua
   4          Date: 2019.2.7
   5          ----------------------------
   6          */
   7          #include "STC15.h"
   8          #include "IO.h"
   9          
  10          //Setup IO Mode
  11          void pinMode(u8 IOGroup, u8 IONumber, u8 IOType)
  12          {
  13   1        u8 regVal;
  14   1        regVal = 1<<IONumber;
  15   1        if(IOType == INPUT_PULLUP || IOType == OUTPUT)
  16   1        {
  17   2          switch (IOGroup)
  18   2          {
  19   3            case 0:
  20   3            {
  21   4              P0M1 &= ~regVal;
  22   4              P0M0 &= ~regVal;
  23   4              P0 &= ~regVal;
  24   4            }
  25   3            break;
  26   3            case 1:
  27   3            {
  28   4              P1M1 &= ~regVal;
  29   4              P1M0 &= ~regVal;
  30   4              P1 &= ~regVal;
  31   4            }
  32   3            break;
  33   3            case 2:
  34   3            {
  35   4              P2M1 &= ~regVal;
  36   4              P2M0 &= ~regVal;
  37   4              P2 &= ~regVal;
  38   4            }
  39   3            break;
  40   3            case 3:
  41   3            {
  42   4              P3M1 &= ~regVal;
  43   4              P3M0 &= ~regVal;
  44   4              P3 &= ~regVal;
  45   4            }
  46   3            break;
  47   3            case 4:
  48   3            {
  49   4              P4M1 &= ~regVal;
  50   4              P4M0 &= ~regVal;
  51   4              P4 &= ~regVal;
  52   4            }
  53   3            break;
  54   3          }
C51 COMPILER V9.59.0.0   IO                                                                09/03/2020 14:35:18 PAGE 2   

  55   2        }
  56   1        else if(IOType == INPUT)
  57   1        {
  58   2          switch (IOGroup)
  59   2          {
  60   3            case 0:
  61   3            {
  62   4              P0M1 |= regVal;
  63   4              P0M0 &= ~regVal;
  64   4              P0 &= ~regVal;
  65   4            }
  66   3            break;
  67   3            case 1:
  68   3            {
  69   4              P1M1 |= regVal;
  70   4              P1M0 &= ~regVal;
  71   4              P1 &= ~regVal;
  72   4            }
  73   3            break;
  74   3            case 2:
  75   3            {
  76   4              P2M1 |= regVal;
  77   4              P2M0 &= ~regVal;
  78   4              P2 &= ~regVal;
  79   4            }
  80   3            break;
  81   3            case 3:
  82   3            {
  83   4              P3M1 |= regVal;
  84   4              P3M0 &= ~regVal;
  85   4              P3 &= ~regVal;
  86   4            }
  87   3            break;
  88   3            case 4:
  89   3            {
  90   4              P4M1 |= regVal;
  91   4              P4M0 &= ~regVal;
  92   4              P4 &= ~regVal;
  93   4            }
  94   3            break;
  95   3          }
  96   2        }
  97   1        else if(IOType == OUTPUT_PP)
  98   1        {
  99   2          switch (IOGroup)
 100   2          {
 101   3            case 0:
 102   3            {
 103   4              P0M1 &= ~regVal;
 104   4              P0M0 |= regVal;
 105   4              P0 &= ~regVal;
 106   4            }
 107   3            break;
 108   3            case 1:
 109   3            {
 110   4              P1M1 &= ~regVal;
 111   4              P1M0 |= regVal;
 112   4              P1 &= ~regVal;
 113   4            }
 114   3            break;
 115   3            case 2:
 116   3            {
C51 COMPILER V9.59.0.0   IO                                                                09/03/2020 14:35:18 PAGE 3   

 117   4              P2M1 &= ~regVal;
 118   4              P2M0 |= regVal;
 119   4              P2 &= ~regVal;
 120   4            }
 121   3            break;
 122   3            case 3:
 123   3            {
 124   4              P3M1 &= ~regVal;
 125   4              P3M0 |= regVal;
 126   4              P3 &= ~regVal;
 127   4            }
 128   3            break;
 129   3            case 4:
 130   3            {
 131   4              P4M1 &= ~regVal;
 132   4              P4M0 |= regVal;
 133   4              P4 &= ~regVal;
 134   4            }
 135   3            break;
 136   3          }
 137   2        }
 138   1      }
 139          
 140          //Setup Groups Of IO Pins Mode
 141          void pinModeGroup(u8 IOGroup, u8 IOType)
 142          {
 143   1        if(IOType == INPUT_PULLUP || IOType == OUTPUT)
 144   1        {
 145   2          switch (IOGroup)
 146   2          {
 147   3            case 0:
 148   3            {
 149   4              P0M1 = 0x00;
 150   4              P0M0 = 0x00;
 151   4              P0 = 0x00;
 152   4            }
 153   3            break;
 154   3            case 1:
 155   3            {
 156   4              P1M1 = 0x00;
 157   4              P1M0 = 0x00;
 158   4              P1 = 0x00;
 159   4            }
 160   3            break;
 161   3            case 2:
 162   3            {
 163   4              P2M1 = 0x00;
 164   4              P2M0 = 0x00;
 165   4              P2 = 0x00;
 166   4            }
 167   3            break;
 168   3            case 3:
 169   3            {
 170   4              P3M1 = 0x00;
 171   4              P3M0 = 0x00;
 172   4              P3 = 0x00;
 173   4            }
 174   3            break;
 175   3            case 4:
 176   3            {
 177   4              P4M1 = 0x00;
 178   4              P4M0 = 0x00;
C51 COMPILER V9.59.0.0   IO                                                                09/03/2020 14:35:18 PAGE 4   

 179   4              P4 = 0x00;
 180   4            }
 181   3            break;
 182   3          }
 183   2        }
 184   1        else if(IOType == INPUT)
 185   1        {
 186   2          switch (IOGroup)
 187   2          {
 188   3            case 0:
 189   3            {
 190   4              P0M1 = 0xff;
 191   4              P0M0 = 0x00;
 192   4              P0 = 0x00;
 193   4            }
 194   3            break;
 195   3            case 1:
 196   3            {
 197   4              P1M1 = 0xff;
 198   4              P1M0 = 0x00;
 199   4              P1 = 0x00;
 200   4            }
 201   3            break;
 202   3            case 2:
 203   3            {
 204   4              P2M1 = 0xff;
 205   4              P2M0 = 0x00;
 206   4              P2 = 0x00;
 207   4            }
 208   3            break;
 209   3            case 3:
 210   3            {
 211   4              P3M1 = 0xff;
 212   4              P3M0 = 0x00;
 213   4              P3 = 0x00;
 214   4            }
 215   3            break;
 216   3            case 4:
 217   3            {
 218   4              P4M1 = 0xff;
 219   4              P4M0 = 0x00;
 220   4              P4 = 0x00;
 221   4            }
 222   3            break;
 223   3          }
 224   2        }
 225   1        else if(IOType == OUTPUT_PP)
 226   1        {
 227   2          switch (IOGroup)
 228   2          {
 229   3            case 0:
 230   3            {
 231   4              P0M1 = 0x00;
 232   4              P0M0 = 0xff;
 233   4              P0 = 0x00;
 234   4            }
 235   3            break;
 236   3            case 1:
 237   3            {
 238   4              P1M1 = 0x00;
 239   4              P1M0 = 0xff;
 240   4              P1 = 0x00;
C51 COMPILER V9.59.0.0   IO                                                                09/03/2020 14:35:18 PAGE 5   

 241   4            }
 242   3            break;
 243   3            case 2:
 244   3            {
 245   4              P2M1 = 0x00;
 246   4              P2M0 = 0xff;
 247   4              P2 = 0x00;
 248   4            }
 249   3            break;
 250   3            case 3:
 251   3            {
 252   4              P3M1 = 0x00;
 253   4              P3M0 = 0xff;
 254   4              P3 = 0x00;
 255   4            }
 256   3            break;
 257   3            case 4:
 258   3            {
 259   4              P4M1 = 0x00;
 260   4              P4M0 = 0xff;
 261   4              P4 = 0x00;
 262   4            }
 263   3            break;
 264   3          }
 265   2        }
 266   1      }
 267          
 268          //Read A IO Pin
 269          u8 digitalRead(u8 IOMode, u8 IOGroup, u8 IONumber)
 270          {
 271   1        u8 regVal = 1<<IONumber;
 272   1        if(IOMode == INPUT_PULLUP)
 273   1        {
 274   2          switch(IOGroup)
 275   2          {
 276   3            case 0:
 277   3            {
 278   4              P0 |= regVal;
 279   4              return (P0>>IONumber) & 0x01;
 280   4            }
 281   3            break;
 282   3            case 1:
 283   3            {
 284   4              P1 |= regVal;
 285   4              return (P1>>IONumber) & 0x01;
 286   4            }
 287   3            break;
 288   3            case 2:
 289   3            {
 290   4              P2 |= regVal;
 291   4              return (P2>>IONumber) & 0x01;
 292   4            }
 293   3            break;
 294   3            case 3:
 295   3            {
 296   4              P3 |= regVal;
 297   4              return (P3>>IONumber) & 0x01;
 298   4            }
 299   3            break;
 300   3            case 4:
 301   3            {
 302   4              P4 |= regVal;
C51 COMPILER V9.59.0.0   IO                                                                09/03/2020 14:35:18 PAGE 6   

 303   4              return (P4>>IONumber) & 0x01;
 304   4            }
 305   3            break;
 306   3          }
 307   2        }
 308   1        else if(IOMode == INPUT)
 309   1        {
 310   2          switch(IOGroup)
 311   2          {
 312   3            case 0:
 313   3              return (P0>>IONumber) & 0x01;
 314   3              break;
 315   3            case 1:
 316   3              return (P1>>IONumber) & 0x01;
 317   3              break;
 318   3            case 2:
 319   3              return (P2>>IONumber) & 0x01;
 320   3              break;
 321   3            case 3:
 322   3              return (P3>>IONumber) & 0x01;
 323   3              break;
 324   3            case 4:
 325   3              return (P4>>IONumber) & 0x01;
 326   3              break;
 327   3          }
 328   2        }
 329   1        return 0x00;
 330   1      }
 331          
 332          //Read A Group Of IO Pins
 333          u8 digitalReadGroup(u8 IOMode, u8 IOGroup)
 334          {
 335   1        if(IOMode == INPUT_PULLUP)
 336   1        {
 337   2          switch(IOGroup)
 338   2          {
 339   3            case 0:
 340   3            {
 341   4              P0 = 0xff;
 342   4              return P0;
 343   4            }
 344   3            break;
 345   3            case 1:
 346   3            {
 347   4              P1 = 0xff;
 348   4              return P1;
 349   4            }
 350   3            break;
 351   3            case 2:
 352   3            {
 353   4              P2 = 0xff;
 354   4              return P2;
 355   4            }
 356   3            break;
 357   3            case 3:
 358   3            {
 359   4              P3 = 0xff;
 360   4              return P3;
 361   4            }
 362   3            break;
 363   3            case 4:
 364   3            {
C51 COMPILER V9.59.0.0   IO                                                                09/03/2020 14:35:18 PAGE 7   

 365   4              P4 = 0xff;
 366   4              return P4;
 367   4            }
 368   3            break;
 369   3          }
 370   2        }
 371   1        else if(IOMode == INPUT)
 372   1        {
 373   2          switch(IOGroup)
 374   2          {
 375   3            case 0:
 376   3              return P0;
 377   3              break;
 378   3            case 1:
 379   3              return P1;
 380   3              break;
 381   3            case 2:
 382   3              return P2;
 383   3              break;
 384   3            case 3:
 385   3              return P3;
 386   3              break;
 387   3            case 4:
 388   3              return P4;
 389   3              break;
 390   3          }
 391   2        }
 392   1        return 0x00;
 393   1      }
 394          
 395          //Write to A IO Pin
 396          void digitalWrite(u8 IOMode, u8 IOGroup, u8 IONumber, u8 content)
 397          {
 398   1        u8 regVal;
 399   1        if(IOMode != OUTPUT && IOMode != OUTPUT_PP)return;
 400   1        regVal = 1<<IONumber;
 401   1        if(content)
 402   1        {
 403   2          switch(IOGroup)
 404   2          {
 405   3            case 0:
 406   3              P0 |= regVal;
 407   3              break;
 408   3            case 1:
 409   3              P1 |= regVal;
 410   3              break;
 411   3            case 2:
 412   3              P2 |= regVal;
 413   3              break;
 414   3            case 3:
 415   3              P3 |= regVal;
 416   3              break;
 417   3            case 4:
 418   3              P4 |= regVal;
 419   3              break;
 420   3          }
 421   2        }
 422   1        else
 423   1        {
 424   2          switch(IOGroup)
 425   2          {
 426   3            case 0:
C51 COMPILER V9.59.0.0   IO                                                                09/03/2020 14:35:18 PAGE 8   

 427   3              P0 &= ~regVal;
 428   3              break;
 429   3            case 1:
 430   3              P1 &= ~regVal;
 431   3              break;
 432   3            case 2:
 433   3              P2 &= ~regVal;
 434   3              break;
 435   3            case 3:
 436   3              P3 &= ~regVal;
 437   3              break;
 438   3            case 4:
 439   3              P4 &= ~regVal;
 440   3              break;
 441   3          }
 442   2        }
 443   1      }
 444          
 445          //Write to A Groupp of IO Pins
 446          void digitalWriteGroup(u8 IOMode, u8 IOGroup, u8 content)
 447          {
 448   1        if(IOMode != OUTPUT && IOMode != OUTPUT_PP)return;
 449   1        if(content)
 450   1        {
 451   2          switch(IOGroup)
 452   2          {
 453   3            case 0:
 454   3              P0 = 0xff;
 455   3              break;
 456   3            case 1:
 457   3              P1 = 0xff;
 458   3              break;
 459   3            case 2:
 460   3              P2 = 0xff;
 461   3              break;
 462   3            case 3:
 463   3              P3 = 0xff;
 464   3              break;
 465   3            case 4:
 466   3              P4 = 0xff;
 467   3              break;
 468   3          }
 469   2        }
 470   1        else
 471   1        {
 472   2          switch(IOGroup)
 473   2          {
 474   3            case 0:
 475   3              P0 = 0x00;
 476   3              break;
 477   3            case 1:
 478   3              P1 = 0x00;
 479   3              break;
 480   3            case 2:
 481   3              P2 = 0x00;
 482   3              break;
 483   3            case 3:
 484   3              P3 = 0x00;
 485   3              break;
 486   3            case 4:
 487   3              P4 = 0x00;
 488   3              break;
C51 COMPILER V9.59.0.0   IO                                                                09/03/2020 14:35:18 PAGE 9   

 489   3          }
 490   2        }
 491   1      }


MODULE INFORMATION:   STATIC OVERLAYABLE
   CODE SIZE        =    917    ----
   CONSTANT SIZE    =   ----    ----
   XDATA SIZE       =   ----       4
   PDATA SIZE       =   ----    ----
   DATA SIZE        =   ----    ----
   IDATA SIZE       =   ----    ----
   BIT SIZE         =   ----    ----
END OF MODULE INFORMATION.


C51 COMPILATION COMPLETE.  0 WARNING(S),  0 ERROR(S)
