C51 COMPILER V9.59.0.0   PID                                                               09/03/2020 14:35:18 PAGE 1   


C51 COMPILER V9.59.0.0, COMPILATION OF MODULE PID
OBJECT MODULE PLACED IN .\Objects\PID.obj
COMPILER INVOKED BY: C:\Keil_v5\C51\BIN\C51.EXE HARDWARE\PID.c LARGE OPTIMIZE(8,SPEED) BROWSE INCDIR(.\HARDWARE;.\LIB) D
                    -EBUG OBJECTEXTEND PRINT(.\Listings\PID.lst) TABS(2) OBJECT(.\Objects\PID.obj)

line level    source

   1          #include "STC15.h"
   2          #include "IO.h"
   3          #include "MOTOR.h"
   4          #include "SERVO.h"
   5          #include "SENSOR.h"
   6          #include "PID.h"
   7          
   8          //PID Paras
   9          float PID_KP;
  10          float PID_KI;
  11          float PID_KD;
  12          int pid_e;
  13          int pid_le;
  14          
  15          //Data for Apply
  16          u8 PID_ServoAngle = SERVO_MID_ANGLE;
  17          int PID_LeftMotorPWM = MOTOR_MAX_PWM;
  18          int PID_RightMotorPWM = MOTOR_MAX_PWM;
  19          
  20          void PID_Setup(float kp, float ki, float kd)
  21          {
  22   1        PID_KP = kp;
  23   1        PID_KI = ki;
  24   1        PID_KD = kd;
  25   1        pid_e = 0;
  26   1        pid_le = 0;
  27   1      }
  28          
  29          void PID_Calc(int sensorData)
  30          {
  31   1        PID_LeftMotorPWM = MOTOR_MAX_PWM;
  32   1        PID_RightMotorPWM = MOTOR_MAX_PWM;
  33   1        pid_e = sensorData;
  34   1        PID_ServoAngle += (char)(PID_KP * (pid_e - pid_le) + PID_KI * pid_e);
  35   1        pid_le = pid_e;
  36   1        PID_ServoAngle = PID_ServoAngle > PID_MAX_ANGLE ? PID_MAX_ANGLE : (PID_ServoAngle < PID_MIN_ANGLE ? PID_M
             -IN_ANGLE : PID_ServoAngle);
  37   1        //Motor Auto Suit
  38   1        PID_LeftMotorPWM -= absInt(PID_ServoAngle - SERVO_MID_ANGLE) / 2;
  39   1        PID_RightMotorPWM -= absInt(PID_ServoAngle - SERVO_MID_ANGLE) / 2;
  40   1      }
  41          


MODULE INFORMATION:   STATIC OVERLAYABLE
   CODE SIZE        =    307    ----
   CONSTANT SIZE    =   ----    ----
   XDATA SIZE       =     21      12
   PDATA SIZE       =   ----    ----
   DATA SIZE        =   ----    ----
   IDATA SIZE       =   ----    ----
   BIT SIZE         =   ----    ----
END OF MODULE INFORMATION.


C51 COMPILATION COMPLETE.  0 WARNING(S),  0 ERROR(S)
