C51 COMPILER V9.59.0.0   SENSOR                                                            09/03/2020 14:35:18 PAGE 1   


C51 COMPILER V9.59.0.0, COMPILATION OF MODULE SENSOR
OBJECT MODULE PLACED IN .\Objects\SENSOR.obj
COMPILER INVOKED BY: C:\Keil_v5\C51\BIN\C51.EXE HARDWARE\SENSOR.c LARGE OPTIMIZE(8,SPEED) BROWSE INCDIR(.\HARDWARE;.\LIB
                    -) DEBUG OBJECTEXTEND PRINT(.\Listings\SENSOR.lst) TABS(2) OBJECT(.\Objects\SENSOR.obj)

line level    source

   1          #include "STC15.h"
   2          #include "IO.h"
   3          #include "STDFUNC.h"
   4          #include "SENSOR.h"
   5          
   6          u8 sensorData[SENSOR_NUM] = {0};
   7          u8 sensorMap[SENSOR_MAP] = {4, 3, 2, 1};
   8          int leftValue = 0;
   9          int rightValue = 0;
  10          u8 isSensorInit = 0;
  11          
  12          //Init the Sensor
  13          void Sensor_Init()
  14          {
  15   1        if(isSensorInit)return;
  16   1        pinModeGroup(0, IO_MODE);
  17   1        isSensorInit = 1;
  18   1      }
  19          
  20          //Refresh Sensor Data
  21          void Sensor_RefreshData()
  22          {
  23   1        int i;
  24   1        //Get Data 1-8
  25   1        for(i = 0; i < SENSOR_NUM; i++)
  26   1        {
  27   2          sensorData[i] = digitalRead(IO_MODE, 0, i) == SENSOR_SAMPLE;
  28   2        }
  29   1      }
  30          
  31          //Get Single Sensor Data
  32          u8 Sensor_GetSingleData(u8 sensorID)
  33          {
  34   1        Sensor_RefreshData();
  35   1        return digitalRead(IO_MODE, 0, sensorID) == SENSOR_SAMPLE;
  36   1      }
  37          
  38          //Get Sensor Data for PID
  39          int Sensor_GetData()
  40          {
  41   1        u8 i;
  42   1        leftValue = 0;
  43   1        rightValue = 0;
  44   1        Sensor_RefreshData();
  45   1        for(i = L0; i >= L3 ; i--)leftValue = maxInt(leftValue, sensorData[i] * sensorMap[L0 - i]);
  46   1        for(i = R0; i <= R3; i++)rightValue = maxInt(rightValue, sensorData[i] * sensorMap[i - R0]);
  47   1        return rightValue - leftValue;
  48   1      }


MODULE INFORMATION:   STATIC OVERLAYABLE
   CODE SIZE        =    322    ----
   CONSTANT SIZE    =   ----    ----
   XDATA SIZE       =     17       4
C51 COMPILER V9.59.0.0   SENSOR                                                            09/03/2020 14:35:18 PAGE 2   

   PDATA SIZE       =   ----    ----
   DATA SIZE        =   ----    ----
   IDATA SIZE       =   ----    ----
   BIT SIZE         =   ----    ----
END OF MODULE INFORMATION.


C51 COMPILATION COMPLETE.  0 WARNING(S),  0 ERROR(S)
