C51 COMPILER V9.54   JMCR_CAR                                                              03/09/2019 17:04:38 PAGE 1   


C51 COMPILER V9.54, COMPILATION OF MODULE JMCR_CAR
OBJECT MODULE PLACED IN .\Objects\JMCR_Car.obj
COMPILER INVOKED BY: C:\Keil_v5\C51\BIN\C51.EXE USER\JMCR_Car.c LARGE OPTIMIZE(8,SPEED) BROWSE INCDIR(.\HARDWARE;.\LIB) 
                    -DEBUG OBJECTEXTEND PRINT(.\Listings\JMCR_Car.lst) TABS(2) OBJECT(.\Objects\JMCR_Car.obj)

line level    source

   1          #include "STC15.h"
   2          #include "IO.h"
   3          #include "PWM.h"
   4          #include "STDFUNC.h"
   5          #include "USART.h"
   6          #include "PID.h"
   7          #include "MOTOR.h"
   8          #include "SERVO.h"
   9          #include "SENSOR.h"
  10          
  11          #define true 1
  12          #define CONTROL_INV 20
  13          #define WAIT_INV 1000
  14          
  15          void JMCR_Car()
  16          {
  17   1        PID_Calc(Sensor_GetData());
  18   1        Servo_SetAngle(PID_ServoAngle);
  19   1        Motor_Left(PID_LeftMotorPWM);
  20   1        Motor_Right(PID_RightMotorPWM);
  21   1      }
  22          
  23          void main()
  24          {
  25   1        //Init Devices
  26   1        Servo_Attach();
  27   1        Motor_Init();
  28   1        Sensor_Init();
  29   1        //Serial1_Begin(115200L);
  30   1        //Init PID
  31   1        PID_Setup(0.04, 0, 0.016);
  32   1        //Wait for initializing
  33   1        delay_ms(WAIT_INV);
  34   1        while(true)
  35   1        {
  36   2          JMCR_Car();
  37   2          //Serial1_SendByte(PID_ServoAngle);
  38   2          delay_ms(CONTROL_INV);
  39   2        }
  40   1      }
  41          


MODULE INFORMATION:   STATIC OVERLAYABLE
   CODE SIZE        =     95    ----
   CONSTANT SIZE    =   ----    ----
   XDATA SIZE       =   ----    ----
   PDATA SIZE       =   ----    ----
   DATA SIZE        =   ----    ----
   IDATA SIZE       =   ----    ----
   BIT SIZE         =   ----    ----
END OF MODULE INFORMATION.


C51 COMPILATION COMPLETE.  0 WARNING(S),  0 ERROR(S)
