C51 COMPILER V9.54   MOTOR                                                                 03/15/2019 11:23:17 PAGE 1   


C51 COMPILER V9.54, COMPILATION OF MODULE MOTOR
OBJECT MODULE PLACED IN .\Objects\MOTOR.obj
COMPILER INVOKED BY: C:\Keil_v5\C51\BIN\C51.EXE HARDWARE\MOTOR.c LARGE OPTIMIZE(8,SPEED) BROWSE INCDIR(.\HARDWARE;.\LIB)
                    - DEBUG OBJECTEXTEND PRINT(.\Listings\MOTOR.lst) TABS(2) OBJECT(.\Objects\MOTOR.obj)

line level    source

   1          /*
   2          ---- Motor Control Module ----
   3          Author: Zhang Muhua
   4          Date: 2019.2.11
   5          Notice: PWM2 - Left - Motor A, PWM3 - Right - Motor B
   6          ----------------------------
   7          */
   8          #include "STC15.h"
   9          #include "IO.h"
  10          #include "STDFUNC.h"
  11          #include "PWM.h"
  12          #include "MOTOR.h"
  13          
  14          //Motor Init
  15          void Motor_Init()
  16          {
  17   1        int i;
  18   1        PWM_Init();
  19   1        for(i = AIN1; i <= BIN2 ; i++)
  20   1          pinMode(3, i, OUTPUT_PP); 
  21   1      }
  22          
  23          //Set Motor Left
  24          void Motor_Left(int value)
  25          {
  26   1        if(value > 0)
  27   1        {
  28   2          digitalWrite(OUTPUT_PP, 3, AIN1, 1);
  29   2          digitalWrite(OUTPUT_PP, 3, AIN2, 0);
  30   2        }
  31   1        else
  32   1        {
  33   2          digitalWrite(OUTPUT_PP, 3, AIN1, 0);
  34   2          digitalWrite(OUTPUT_PP, 3, AIN2, 1);
  35   2          value *= -1;
  36   2        }
  37   1        PWM2_Output(value > MOTOR_MAX_PWM ? MOTOR_MAX_PWM : value);
  38   1      }
  39          
  40          //Set Motor Right
  41          void Motor_Right(int value)
  42          {
  43   1        if(value > 0)
  44   1        {
  45   2          digitalWrite(OUTPUT_PP, 3, BIN1, 1);
  46   2          digitalWrite(OUTPUT_PP, 3, BIN2, 0);
  47   2        }
  48   1        else
  49   1        {
  50   2          digitalWrite(OUTPUT_PP, 3, BIN1, 0);
  51   2          digitalWrite(OUTPUT_PP, 3, BIN2, 1);
  52   2          value *= -1;
  53   2        }
  54   1        PWM3_Output(value > MOTOR_MAX_PWM ? MOTOR_MAX_PWM : value);
C51 COMPILER V9.54   MOTOR                                                                 03/15/2019 11:23:17 PAGE 2   

  55   1      }


MODULE INFORMATION:   STATIC OVERLAYABLE
   CODE SIZE        =    320    ----
   CONSTANT SIZE    =   ----    ----
   XDATA SIZE       =   ----       6
   PDATA SIZE       =   ----    ----
   DATA SIZE        =   ----    ----
   IDATA SIZE       =   ----    ----
   BIT SIZE         =   ----    ----
END OF MODULE INFORMATION.


C51 COMPILATION COMPLETE.  0 WARNING(S),  0 ERROR(S)
