C51 COMPILER V9.54   SENSOR                                                                02/20/2019 23:28:07 PAGE 1   


C51 COMPILER V9.54, COMPILATION OF MODULE SENSOR
OBJECT MODULE PLACED IN .\Objects\SENSOR.obj
COMPILER INVOKED BY: C:\Keil_v5\C51\BIN\C51.EXE HARDWARE\SENSOR.c LARGE OPTIMIZE(8,SPEED) BROWSE INCDIR(.\HARDWARE;.\LIB
                    -) DEBUG OBJECTEXTEND PRINT(.\Listings\SENSOR.lst) TABS(2) OBJECT(.\Objects\SENSOR.obj)

line level    source

   1          #include "STC15.h"
   2          #include "IO.h"
   3          #include "STDFUNC.h"
   4          #include "SENSOR.h"
   5          
   6          u8 sensorData[SENSOR_NUM] = {0};
   7          u8 sensorSample = 0;
   8          u8 isSensorInit = 0;
   9          
  10          //Init the Sensor
  11          void Sensor_Init()
  12          {
  13   1        if(isSensorInit)return;
  14   1        pinModeGroup(0, IO_MODE);
  15   1        Sensor_GetSample(); 
  16   1        isSensorInit = 1;
  17   1      }
  18          
  19          //Get Sensor Sample
  20          void Sensor_GetSample()
  21          {
  22   1        u8 i, sample;
  23   1        sample = 0;
  24   1        for(i = 0; i < 20; i++)
  25   1        {
  26   2          sample += digitalRead(IO_MODE, 0, L3);
  27   2          sample += digitalRead(IO_MODE, 0, R3);
  28   2        }
  29   1        sensorSample = sample / 40;
  30   1      }
  31          
  32          //Refresh Sensor Data
  33          void Sensor_RefreshData()
  34          {
  35   1        int i;
  36   1        for(i = 0; i < SENSOR_NUM; i++)
  37   1        {
  38   2          sensorData[i] = digitalRead(IO_MODE, 0, 0) == sensorSample;
  39   2        }
  40   1      }
  41          
  42          //Get Single Sensor Data
  43          u8 Sensor_GetSingleData(u8 sensorID)
  44          {
  45   1        Sensor_RefreshData();
  46   1        return digitalRead(IO_MODE, 0, sensorID) == sensorSample;
  47   1      }
  48          
  49          //Get Sensor Data for PID
  50          int Sensor_GetData()
  51          {
  52   1        u8 i;
  53   1        int leftValue, rightValue;
  54   1        leftValue = 0;
C51 COMPILER V9.54   SENSOR                                                                02/20/2019 23:28:07 PAGE 2   

  55   1        rightValue = 0;
  56   1        Sensor_RefreshData();
  57   1        for(i = L0; i >= L3 ; i--)leftValue += sensorData[i] * (i - 4) * 20 + 10;
  58   1        for(i = R0; i <= R3; i++)rightValue += sensorData[i] * (3 - i) * 20 + 10;
  59   1        return leftValue - rightValue;
  60   1      }
  61          
  62          


MODULE INFORMATION:   STATIC OVERLAYABLE
   CODE SIZE        =    350    ----
   CONSTANT SIZE    =   ----    ----
   XDATA SIZE       =     10       9
   PDATA SIZE       =   ----    ----
   DATA SIZE        =   ----    ----
   IDATA SIZE       =   ----    ----
   BIT SIZE         =   ----    ----
END OF MODULE INFORMATION.


C51 COMPILATION COMPLETE.  0 WARNING(S),  0 ERROR(S)
