C51 COMPILER V9.54   SERVO                                                                 02/20/2019 23:28:06 PAGE 1   


C51 COMPILER V9.54, COMPILATION OF MODULE SERVO
OBJECT MODULE PLACED IN .\Objects\SERVO.obj
COMPILER INVOKED BY: C:\Keil_v5\C51\BIN\C51.EXE HARDWARE\SERVO.c LARGE OPTIMIZE(8,SPEED) BROWSE INCDIR(.\HARDWARE;.\LIB)
                    - DEBUG OBJECTEXTEND PRINT(.\Listings\SERVO.lst) TABS(2) OBJECT(.\Objects\SERVO.obj)

line level    source

   1          /*
   2          ---- Servo Control Module ----
   3          Author: Zhang Muhua
   4          Date: 2019.2.9 
   5          ----------------------------
   6          */
   7          #include "STC15.h"
   8          #include "IO.h"
   9          #include "STDFUNC.h"
  10          #include "SERVO.h"
  11          
  12          u8 servoIOGroup;
  13          u8 servoIONumber;
  14          int servoAngle;
  15          int highLevelCount;
  16          int pulseWidthCount;
  17          
  18          //10us@24.000Mhz
  19          void Timer0Init(void)
  20          {
  21   1        ET0 = 0;
  22   1        TR0 = 0;
  23   1        AUXR |= 0x80;
  24   1        TMOD &= 0xF0;
  25   1        TL0 = 0x10;
  26   1        TH0 = 0xFF;
  27   1        TF0 = 0;
  28   1        ET0 = 1;
  29   1      }
  30          
  31          //Timer0 ISP
  32          void Timer0_ISP() interrupt 1
  33          {
  34   1        TR0 = 0;
  35   1        if(pulseWidthCount < highLevelCount)
  36   1          digitalWrite(OUTPUT_PP, servoIOGroup, servoIONumber, 1);
  37   1        else 
  38   1          digitalWrite(OUTPUT_PP, servoIOGroup, servoIONumber, 0);
  39   1        pulseWidthCount = (pulseWidthCount + 1) % SERVO_PULSE_WIDTH;
  40   1        TR0 = 1;
  41   1      }
  42          
  43          //Attach Servo
  44          void ServoAttach(u8 IOGroup, u8 IONumber)
  45          {
  46   1        //Setup Servo
  47   1        servoIOGroup = IOGroup;
  48   1        servoIONumber = IONumber;
  49   1        servoAngle = 0;
  50   1        pulseWidthCount = 0;
  51   1        highLevelCount = SERVO_MID_PULSE;
  52   1        //Setup IO Mode
  53   1        pinMode(IOGroup, IONumber, OUTPUT_PP);
  54   1        digitalWrite(OUTPUT_PP, IOGroup, IONumber, 0);
C51 COMPILER V9.54   SERVO                                                                 02/20/2019 23:28:06 PAGE 2   

  55   1        ServoSetAngle(SERVO_MID_ANGLE);
  56   1        //Setup Timer0
  57   1        Timer0Init();
  58   1      }
  59          
  60          //Set Servo Angle
  61          void ServoSetAngle(u8 Angle)
  62          {
  63   1        if(Angle < SERVO_MIN_ANGLE || Angle > SERVO_MAX_ANGLE || Angle == servoAngle)return;
  64   1        TR0 = 0;
  65   1        servoAngle = Angle;
  66   1        highLevelCount = (servoAngle * 10) / 18 + 100;
  67   1        TR0 = 1;
  68   1      }


MODULE INFORMATION:   STATIC OVERLAYABLE
   CODE SIZE        =    295    ----
   CONSTANT SIZE    =   ----    ----
   XDATA SIZE       =      8       2
   PDATA SIZE       =   ----    ----
   DATA SIZE        =   ----    ----
   IDATA SIZE       =   ----    ----
   BIT SIZE         =   ----    ----
END OF MODULE INFORMATION.


C51 COMPILATION COMPLETE.  0 WARNING(S),  0 ERROR(S)
